This file contains any messages produced by compilers while
running configure, to aid debugging if configure makes a mistake.

It was created by configure, which was
generated by GNU Autoconf 2.59.  Invocation command line was

  $ ./configure -prefix=/var/httpd

## --------- ##
## Platform. ##
## --------- ##

hostname = akaedu-desktop
uname -m = i686
uname -r = 2.6.32-33-generic-pae
uname -s = Linux
uname -v = #70-Ubuntu SMP Thu Jul 7 22:51:12 UTC 2011

/usr/bin/uname -p = unknown
/bin/uname -X     = unknown

/bin/arch              = unknown
/usr/bin/arch -k       = unknown
/usr/convex/getsysinfo = unknown
hostinfo               = unknown
/bin/machine           = unknown
/usr/bin/oslevel       = unknown
/bin/universe          = unknown

PATH: /usr/local/sbin
PATH: /usr/local/bin
PATH: /usr/sbin
PATH: /usr/bin
PATH: /sbin
PATH: /bin
PATH: /usr/X11R6/bin


## ----------- ##
## Core tests. ##
## ----------- ##

configure:1661: checking for chosen layout
configure:1663: result: Apache
configure:2468: checking for working mkdir -p
configure:2484: result: yes
configure:2501: checking build system type
configure:2519: result: i686-pc-linux-gnu
configure:2527: checking host system type
configure:2541: result: i686-pc-linux-gnu
configure:2549: checking target system type
configure:2563: result: i686-pc-linux-gnu
configure:2621: checking for APR
configure:2703: result: reconfig
configure:2957: checking for APR-util
configure:3039: result: reconfig
configure:3264: checking for gcc
configure:3290: result: gcc
configure:3534: checking for C compiler version
configure:3537: gcc --version </dev/null >&5
gcc (Ubuntu 4.4.3-4ubuntu5) 4.4.3
Copyright (C) 2009 Free Software Foundation, Inc.
This is free software; see the source for copying conditions.  There is NO
warranty; not even for MERCHANTABILITY or FITNESS FOR A PARTICULAR PURPOSE.

configure:3540: $? = 0
configure:3542: gcc -v </dev/null >&5
Using built-in specs.
Target: i486-linux-gnu
Configured with: ../src/configure -v --with-pkgversion='Ubuntu 4.4.3-4ubuntu5' --with-bugurl=file:///usr/share/doc/gcc-4.4/README.Bugs --enable-languages=c,c++,fortran,objc,obj-c++ --prefix=/usr --enable-shared --enable-multiarch --enable-linker-build-id --with-system-zlib --libexecdir=/usr/lib --without-included-gettext --enable-threads=posix --with-gxx-include-dir=/usr/include/c++/4.4 --program-suffix=-4.4 --enable-nls --enable-clocale=gnu --enable-libstdcxx-debug --enable-plugin --enable-objc-gc --enable-targets=all --disable-werror --with-arch-32=i486 --with-tune=generic --enable-checking=release --build=i486-linux-gnu --host=i486-linux-gnu --target=i486-linux-gnu
Thread model: posix
gcc version 4.4.3 (Ubuntu 4.4.3-4ubuntu5) 
configure:3545: $? = 0
configure:3547: gcc -V </dev/null >&5
gcc: '-V' option must have argument
configure:3550: $? = 1
configure:3573: checking for C compiler default output file name
configure:3576: gcc  -g -O2 -pthread  -DLINUX=2 -D_REENTRANT -D_GNU_SOURCE   -L/home/akaedu/project/xinge-project/httpd/httpd-2.2.4/srclib/apr-util/xml/expat/lib conftest.c  >&5
configure:3579: $? = 0
configure:3625: result: a.out
configure:3630: checking whether the C compiler works
configure:3636: ./a.out
configure:3639: $? = 0
configure:3656: result: yes
configure:3663: checking whether we are cross compiling
configure:3665: result: no
configure:3668: checking for suffix of executables
configure:3670: gcc -o conftest  -g -O2 -pthread  -DLINUX=2 -D_REENTRANT -D_GNU_SOURCE   -L/home/akaedu/project/xinge-project/httpd/httpd-2.2.4/srclib/apr-util/xml/expat/lib conftest.c  >&5
configure:3673: $? = 0
configure:3698: result: 
configure:3704: checking for suffix of object files
configure:3725: gcc -c  -g -O2 -pthread  -DLINUX=2 -D_REENTRANT -D_GNU_SOURCE conftest.c >&5
configure:3728: $? = 0
configure:3750: result: o
configure:3754: checking whether we are using the GNU C compiler
configure:3778: gcc -c  -g -O2 -pthread  -DLINUX=2 -D_REENTRANT -D_GNU_SOURCE conftest.c >&5
configure:3784: $? = 0
configure:3788: test -z 
			 || test ! -s conftest.err
configure:3791: $? = 0
configure:3794: test -s conftest.o
configure:3797: $? = 0
configure:3810: result: yes
configure:3816: checking whether gcc accepts -g
configure:3837: gcc -c -g  -DLINUX=2 -D_REENTRANT -D_GNU_SOURCE conftest.c >&5
configure:3843: $? = 0
configure:3847: test -z 
			 || test ! -s conftest.err
configure:3850: $? = 0
configure:3853: test -s conftest.o
configure:3856: $? = 0
configure:3867: result: yes
configure:3884: checking for gcc option to accept ANSI C
configure:3954: gcc  -c  -g -O2 -pthread  -DLINUX=2 -D_REENTRANT -D_GNU_SOURCE conftest.c >&5
configure:3960: $? = 0
configure:3964: test -z 
			 || test ! -s conftest.err
configure:3967: $? = 0
configure:3970: test -s conftest.o
configure:3973: $? = 0
configure:3991: result: none needed
configure:4009: gcc -c  -g -O2 -pthread  -DLINUX=2 -D_REENTRANT -D_GNU_SOURCE conftest.c >&5
conftest.c:2: error: expected '=', ',', ';', 'asm' or '__attribute__' before 'me'
configure:4015: $? = 1
configure: failed program was:
| #ifndef __cplusplus
|   choke me
| #endif
configure:4153: checking how to run the C preprocessor
configure:4271: result: gcc -E
configure:4295: gcc -E  -DLINUX=2 -D_REENTRANT -D_GNU_SOURCE conftest.c
configure:4301: $? = 0
configure:4333: gcc -E  -DLINUX=2 -D_REENTRANT -D_GNU_SOURCE conftest.c
conftest.c:9:28: error: ac_nonexistent.h: No such file or directory
configure:4339: $? = 1
configure: failed program was:
| /* confdefs.h.  */
| 
| #define PACKAGE_NAME ""
| #define PACKAGE_TARNAME ""
| #define PACKAGE_VERSION ""
| #define PACKAGE_STRING ""
| #define PACKAGE_BUGREPORT ""
| /* end confdefs.h.  */
| #include <ac_nonexistent.h>
configure:4502: Configuring PCRE regular expression library
configure:4926: checking for rm
configure:4944: found /bin/rm
configure:4956: result: /bin/rm
configure:4965: checking for pkg-config
configure:4983: found /usr/bin/pkg-config
configure:4995: result: /usr/bin/pkg-config
configure:5004: checking for rsync
configure:5022: found /usr/bin/rsync
configure:5034: result: /usr/bin/rsync
configure:5045: checking for gawk
configure:5061: found /usr/bin/gawk
configure:5071: result: gawk
configure:5081: checking whether ln -s works
configure:5085: result: yes
configure:5133: checking for ranlib
configure:5149: found /usr/bin/ranlib
configure:5160: result: ranlib
configure:5176: checking for lynx
configure:5205: result: no
configure:5176: checking for links
configure:5205: result: no
configure:5176: checking for elinks
configure:5205: result: no
configure:5228: checking for egrep
configure:5238: result: grep -E
configure:5244: checking for AIX
configure:5266: result: no
configure:5272: checking for library containing strerror
configure:5302: gcc -o conftest  -g -O2 -pthread  -DLINUX=2 -D_REENTRANT -D_GNU_SOURCE   -L/home/akaedu/project/xinge-project/httpd/httpd-2.2.4/srclib/apr-util/xml/expat/lib conftest.c  >&5
configure:5308: $? = 0
configure:5312: test -z 
			 || test ! -s conftest.err
configure:5315: $? = 0
configure:5318: test -s conftest
configure:5321: $? = 0
configure:5391: result: none required
configure:5398: checking for ANSI C header files
configure:5423: gcc -c  -g -O2 -pthread  -DLINUX=2 -D_REENTRANT -D_GNU_SOURCE conftest.c >&5
configure:5429: $? = 0
configure:5433: test -z 
			 || test ! -s conftest.err
configure:5436: $? = 0
configure:5439: test -s conftest.o
configure:5442: $? = 0
configure:5531: gcc -o conftest  -g -O2 -pthread  -DLINUX=2 -D_REENTRANT -D_GNU_SOURCE   -L/home/akaedu/project/xinge-project/httpd/httpd-2.2.4/srclib/apr-util/xml/expat/lib conftest.c  >&5
conftest.c: In function 'main':
conftest.c:26: warning: incompatible implicit declaration of built-in function 'exit'
configure:5534: $? = 0
configure:5536: ./conftest
configure:5539: $? = 0
configure:5554: result: yes
configure:5578: checking for sys/types.h
configure:5594: gcc -c  -g -O2 -pthread  -DLINUX=2 -D_REENTRANT -D_GNU_SOURCE conftest.c >&5
configure:5600: $? = 0
configure:5604: test -z 
			 || test ! -s conftest.err
configure:5607: $? = 0
configure:5610: test -s conftest.o
configure:5613: $? = 0
configure:5624: result: yes
configure:5578: checking for sys/stat.h
configure:5594: gcc -c  -g -O2 -pthread  -DLINUX=2 -D_REENTRANT -D_GNU_SOURCE conftest.c >&5
configure:5600: $? = 0
configure:5604: test -z 
			 || test ! -s conftest.err
configure:5607: $? = 0
configure:5610: test -s conftest.o
configure:5613: $? = 0
configure:5624: result: yes
configure:5578: checking for stdlib.h
configure:5594: gcc -c  -g -O2 -pthread  -DLINUX=2 -D_REENTRANT -D_GNU_SOURCE conftest.c >&5
configure:5600: $? = 0
configure:5604: test -z 
			 || test ! -s conftest.err
configure:5607: $? = 0
configure:5610: test -s conftest.o
configure:5613: $? = 0
configure:5624: result: yes
configure:5578: checking for string.h
configure:5594: gcc -c  -g -O2 -pthread  -DLINUX=2 -D_REENTRANT -D_GNU_SOURCE conftest.c >&5
configure:5600: $? = 0
configure:5604: test -z 
			 || test ! -s conftest.err
configure:5607: $? = 0
configure:5610: test -s conftest.o
configure:5613: $? = 0
configure:5624: result: yes
configure:5578: checking for memory.h
configure:5594: gcc -c  -g -O2 -pthread  -DLINUX=2 -D_REENTRANT -D_GNU_SOURCE conftest.c >&5
configure:5600: $? = 0
configure:5604: test -z 
			 || test ! -s conftest.err
configure:5607: $? = 0
configure:5610: test -s conftest.o
configure:5613: $? = 0
configure:5624: result: yes
configure:5578: checking for strings.h
configure:5594: gcc -c  -g -O2 -pthread  -DLINUX=2 -D_REENTRANT -D_GNU_SOURCE conftest.c >&5
configure:5600: $? = 0
configure:5604: test -z 
			 || test ! -s conftest.err
configure:5607: $? = 0
configure:5610: test -s conftest.o
configure:5613: $? = 0
configure:5624: result: yes
configure:5578: checking for inttypes.h
configure:5594: gcc -c  -g -O2 -pthread  -DLINUX=2 -D_REENTRANT -D_GNU_SOURCE conftest.c >&5
configure:5600: $? = 0
configure:5604: test -z 
			 || test ! -s conftest.err
configure:5607: $? = 0
configure:5610: test -s conftest.o
configure:5613: $? = 0
configure:5624: result: yes
configure:5578: checking for stdint.h
configure:5594: gcc -c  -g -O2 -pthread  -DLINUX=2 -D_REENTRANT -D_GNU_SOURCE conftest.c >&5
configure:5600: $? = 0
configure:5604: test -z 
			 || test ! -s conftest.err
configure:5607: $? = 0
configure:5610: test -s conftest.o
configure:5613: $? = 0
configure:5624: result: yes
configure:5578: checking for unistd.h
configure:5594: gcc -c  -g -O2 -pthread  -DLINUX=2 -D_REENTRANT -D_GNU_SOURCE conftest.c >&5
configure:5600: $? = 0
configure:5604: test -z 
			 || test ! -s conftest.err
configure:5607: $? = 0
configure:5610: test -s conftest.o
configure:5613: $? = 0
configure:5624: result: yes
configure:5646: checking minix/config.h usability
configure:5658: gcc -c  -g -O2 -pthread  -DLINUX=2 -D_REENTRANT -D_GNU_SOURCE conftest.c >&5
conftest.c:53:26: error: minix/config.h: No such file or directory
configure:5664: $? = 1
configure: failed program was:
| /* confdefs.h.  */
| 
| #define PACKAGE_NAME ""
| #define PACKAGE_TARNAME ""
| #define PACKAGE_VERSION ""
| #define PACKAGE_STRING ""
| #define PACKAGE_BUGREPORT ""
| #define STDC_HEADERS 1
| #define HAVE_SYS_TYPES_H 1
| #define HAVE_SYS_STAT_H 1
| #define HAVE_STDLIB_H 1
| #define HAVE_STRING_H 1
| #define HAVE_MEMORY_H 1
| #define HAVE_STRINGS_H 1
| #define HAVE_INTTYPES_H 1
| #define HAVE_STDINT_H 1
| #define HAVE_UNISTD_H 1
| /* end confdefs.h.  */
| #include <stdio.h>
| #if HAVE_SYS_TYPES_H
| # include <sys/types.h>
| #endif
| #if HAVE_SYS_STAT_H
| # include <sys/stat.h>
| #endif
| #if STDC_HEADERS
| # include <stdlib.h>
| # include <stddef.h>
| #else
| # if HAVE_STDLIB_H
| #  include <stdlib.h>
| # endif
| #endif
| #if HAVE_STRING_H
| # if !STDC_HEADERS && HAVE_MEMORY_H
| #  include <memory.h>
| # endif
| # include <string.h>
| #endif
| #if HAVE_STRINGS_H
| # include <strings.h>
| #endif
| #if HAVE_INTTYPES_H
| # include <inttypes.h>
| #else
| # if HAVE_STDINT_H
| #  include <stdint.h>
| # endif
| #endif
| #if HAVE_UNISTD_H
| # include <unistd.h>
| #endif
| #include <minix/config.h>
configure:5687: result: no
configure:5691: checking minix/config.h presence
configure:5701: gcc -E  -DLINUX=2 -D_REENTRANT -D_GNU_SOURCE conftest.c
conftest.c:19:26: error: minix/config.h: No such file or directory
configure:5707: $? = 1
configure: failed program was:
| /* confdefs.h.  */
| 
| #define PACKAGE_NAME ""
| #define PACKAGE_TARNAME ""
| #define PACKAGE_VERSION ""
| #define PACKAGE_STRING ""
| #define PACKAGE_BUGREPORT ""
| #define STDC_HEADERS 1
| #define HAVE_SYS_TYPES_H 1
| #define HAVE_SYS_STAT_H 1
| #define HAVE_STDLIB_H 1
| #define HAVE_STRING_H 1
| #define HAVE_MEMORY_H 1
| #define HAVE_STRINGS_H 1
| #define HAVE_INTTYPES_H 1
| #define HAVE_STDINT_H 1
| #define HAVE_UNISTD_H 1
| /* end confdefs.h.  */
| #include <minix/config.h>
configure:5727: result: no
configure:5762: checking for minix/config.h
configure:5769: result: no
configure:5951: checking for ANSI C header files
configure:6107: result: yes
configure:6142: checking for string.h
configure:6147: result: yes
configure:6151: checking limits.h usability
configure:6163: gcc -c  -g -O2 -pthread  -DLINUX=2 -D_REENTRANT -D_GNU_SOURCE conftest.c >&5
configure:6169: $? = 0
configure:6173: test -z 
			 || test ! -s conftest.err
configure:6176: $? = 0
configure:6179: test -s conftest.o
configure:6182: $? = 0
configure:6192: result: yes
configure:6196: checking limits.h presence
configure:6206: gcc -E  -DLINUX=2 -D_REENTRANT -D_GNU_SOURCE conftest.c
configure:6212: $? = 0
configure:6232: result: yes
configure:6267: checking for limits.h
configure:6274: result: yes
configure:6142: checking for unistd.h
configure:6147: result: yes
configure:6151: checking sys/socket.h usability
configure:6163: gcc -c  -g -O2 -pthread  -DLINUX=2 -D_REENTRANT -D_GNU_SOURCE conftest.c >&5
configure:6169: $? = 0
configure:6173: test -z 
			 || test ! -s conftest.err
configure:6176: $? = 0
configure:6179: test -s conftest.o
configure:6182: $? = 0
configure:6192: result: yes
configure:6196: checking sys/socket.h presence
configure:6206: gcc -E  -DLINUX=2 -D_REENTRANT -D_GNU_SOURCE conftest.c
configure:6212: $? = 0
configure:6232: result: yes
configure:6267: checking for sys/socket.h
configure:6274: result: yes
configure:6151: checking pwd.h usability
configure:6163: gcc -c  -g -O2 -pthread  -DLINUX=2 -D_REENTRANT -D_GNU_SOURCE conftest.c >&5
configure:6169: $? = 0
configure:6173: test -z 
			 || test ! -s conftest.err
configure:6176: $? = 0
configure:6179: test -s conftest.o
configure:6182: $? = 0
configure:6192: result: yes
configure:6196: checking pwd.h presence
configure:6206: gcc -E  -DLINUX=2 -D_REENTRANT -D_GNU_SOURCE conftest.c
configure:6212: $? = 0
configure:6232: result: yes
configure:6267: checking for pwd.h
configure:6274: result: yes
configure:6151: checking grp.h usability
configure:6163: gcc -c  -g -O2 -pthread  -DLINUX=2 -D_REENTRANT -D_GNU_SOURCE conftest.c >&5
configure:6169: $? = 0
configure:6173: test -z 
			 || test ! -s conftest.err
configure:6176: $? = 0
configure:6179: test -s conftest.o
configure:6182: $? = 0
configure:6192: result: yes
configure:6196: checking grp.h presence
configure:6206: gcc -E  -DLINUX=2 -D_REENTRANT -D_GNU_SOURCE conftest.c
configure:6212: $? = 0
configure:6232: result: yes
configure:6267: checking for grp.h
configure:6274: result: yes
configure:6142: checking for strings.h
configure:6147: result: yes
configure:6151: checking sys/prctl.h usability
configure:6163: gcc -c  -g -O2 -pthread  -DLINUX=2 -D_REENTRANT -D_GNU_SOURCE conftest.c >&5
configure:6169: $? = 0
configure:6173: test -z 
			 || test ! -s conftest.err
configure:6176: $? = 0
configure:6179: test -s conftest.o
configure:6182: $? = 0
configure:6192: result: yes
configure:6196: checking sys/prctl.h presence
configure:6206: gcc -E  -DLINUX=2 -D_REENTRANT -D_GNU_SOURCE conftest.c
configure:6212: $? = 0
configure:6232: result: yes
configure:6267: checking for sys/prctl.h
configure:6274: result: yes
configure:6151: checking sys/processor.h usability
configure:6163: gcc -c  -g -O2 -pthread  -DLINUX=2 -D_REENTRANT -D_GNU_SOURCE conftest.c >&5
conftest.c:62:27: error: sys/processor.h: No such file or directory
configure:6169: $? = 1
configure: failed program was:
| /* confdefs.h.  */
| 
| #define PACKAGE_NAME ""
| #define PACKAGE_TARNAME ""
| #define PACKAGE_VERSION ""
| #define PACKAGE_STRING ""
| #define PACKAGE_BUGREPORT ""
| #define STDC_HEADERS 1
| #define HAVE_SYS_TYPES_H 1
| #define HAVE_SYS_STAT_H 1
| #define HAVE_STDLIB_H 1
| #define HAVE_STRING_H 1
| #define HAVE_MEMORY_H 1
| #define HAVE_STRINGS_H 1
| #define HAVE_INTTYPES_H 1
| #define HAVE_STDINT_H 1
| #define HAVE_UNISTD_H 1
| #define STDC_HEADERS 1
| #define HAVE_STRING_H 1
| #define HAVE_LIMITS_H 1
| #define HAVE_UNISTD_H 1
| #define HAVE_SYS_SOCKET_H 1
| #define HAVE_PWD_H 1
| #define HAVE_GRP_H 1
| #define HAVE_STRINGS_H 1
| #define HAVE_SYS_PRCTL_H 1
| /* end confdefs.h.  */
| #include <stdio.h>
| #if HAVE_SYS_TYPES_H
| # include <sys/types.h>
| #endif
| #if HAVE_SYS_STAT_H
| # include <sys/stat.h>
| #endif
| #if STDC_HEADERS
| # include <stdlib.h>
| # include <stddef.h>
| #else
| # if HAVE_STDLIB_H
| #  include <stdlib.h>
| # endif
| #endif
| #if HAVE_STRING_H
| # if !STDC_HEADERS && HAVE_MEMORY_H
| #  include <memory.h>
| # endif
| # include <string.h>
| #endif
| #if HAVE_STRINGS_H
| # include <strings.h>
| #endif
| #if HAVE_INTTYPES_H
| # include <inttypes.h>
| #else
| # if HAVE_STDINT_H
| #  include <stdint.h>
| # endif
| #endif
| #if HAVE_UNISTD_H
| # include <unistd.h>
| #endif
| #include <sys/processor.h>
configure:6192: result: no
configure:6196: checking sys/processor.h presence
configure:6206: gcc -E  -DLINUX=2 -D_REENTRANT -D_GNU_SOURCE conftest.c
conftest.c:28:27: error: sys/processor.h: No such file or directory
configure:6212: $? = 1
configure: failed program was:
| /* confdefs.h.  */
| 
| #define PACKAGE_NAME ""
| #define PACKAGE_TARNAME ""
| #define PACKAGE_VERSION ""
| #define PACKAGE_STRING ""
| #define PACKAGE_BUGREPORT ""
| #define STDC_HEADERS 1
| #define HAVE_SYS_TYPES_H 1
| #define HAVE_SYS_STAT_H 1
| #define HAVE_STDLIB_H 1
| #define HAVE_STRING_H 1
| #define HAVE_MEMORY_H 1
| #define HAVE_STRINGS_H 1
| #define HAVE_INTTYPES_H 1
| #define HAVE_STDINT_H 1
| #define HAVE_UNISTD_H 1
| #define STDC_HEADERS 1
| #define HAVE_STRING_H 1
| #define HAVE_LIMITS_H 1
| #define HAVE_UNISTD_H 1
| #define HAVE_SYS_SOCKET_H 1
| #define HAVE_PWD_H 1
| #define HAVE_GRP_H 1
| #define HAVE_STRINGS_H 1
| #define HAVE_SYS_PRCTL_H 1
| /* end confdefs.h.  */
| #include <sys/processor.h>
configure:6232: result: no
configure:6267: checking for sys/processor.h
configure:6274: result: no
configure:6151: checking sys/sem.h usability
configure:6163: gcc -c  -g -O2 -pthread  -DLINUX=2 -D_REENTRANT -D_GNU_SOURCE conftest.c >&5
configure:6169: $? = 0
configure:6173: test -z 
			 || test ! -s conftest.err
configure:6176: $? = 0
configure:6179: test -s conftest.o
configure:6182: $? = 0
configure:6192: result: yes
configure:6196: checking sys/sem.h presence
configure:6206: gcc -E  -DLINUX=2 -D_REENTRANT -D_GNU_SOURCE conftest.c
configure:6212: $? = 0
configure:6232: result: yes
configure:6267: checking for sys/sem.h
configure:6274: result: yes
configure:6287: checking for sys/wait.h that is POSIX.1 compatible
configure:6318: gcc -c  -g -O2 -pthread  -DLINUX=2 -D_REENTRANT -D_GNU_SOURCE conftest.c >&5
configure:6324: $? = 0
configure:6328: test -z 
			 || test ! -s conftest.err
configure:6331: $? = 0
configure:6334: test -s conftest.o
configure:6337: $? = 0
configure:6348: result: yes
configure:6360: checking for an ANSI C-conforming const
configure:6427: gcc -c  -g -O2 -pthread  -DLINUX=2 -D_REENTRANT -D_GNU_SOURCE conftest.c >&5
configure:6433: $? = 0
configure:6437: test -z 
			 || test ! -s conftest.err
configure:6440: $? = 0
configure:6443: test -s conftest.o
configure:6446: $? = 0
configure:6457: result: yes
configure:6468: checking for library containing sqrt
configure:6498: gcc -o conftest  -g -O2 -pthread  -DLINUX=2 -D_REENTRANT -D_GNU_SOURCE   -L/home/akaedu/project/xinge-project/httpd/httpd-2.2.4/srclib/apr-util/xml/expat/lib conftest.c  >&5
conftest.c:37: warning: conflicting types for built-in function 'sqrt'
/tmp/cc8XELpg.o: In function `main':
/home/akaedu/project/xinge-project/httpd/httpd-2.2.4/conftest.c:41: undefined reference to `sqrt'
collect2: ld returned 1 exit status
configure:6504: $? = 1
configure: failed program was:
| /* confdefs.h.  */
| 
| #define PACKAGE_NAME ""
| #define PACKAGE_TARNAME ""
| #define PACKAGE_VERSION ""
| #define PACKAGE_STRING ""
| #define PACKAGE_BUGREPORT ""
| #define STDC_HEADERS 1
| #define HAVE_SYS_TYPES_H 1
| #define HAVE_SYS_STAT_H 1
| #define HAVE_STDLIB_H 1
| #define HAVE_STRING_H 1
| #define HAVE_MEMORY_H 1
| #define HAVE_STRINGS_H 1
| #define HAVE_INTTYPES_H 1
| #define HAVE_STDINT_H 1
| #define HAVE_UNISTD_H 1
| #define STDC_HEADERS 1
| #define HAVE_STRING_H 1
| #define HAVE_LIMITS_H 1
| #define HAVE_UNISTD_H 1
| #define HAVE_SYS_SOCKET_H 1
| #define HAVE_PWD_H 1
| #define HAVE_GRP_H 1
| #define HAVE_STRINGS_H 1
| #define HAVE_SYS_PRCTL_H 1
| #define HAVE_SYS_SEM_H 1
| #define HAVE_SYS_WAIT_H 1
| /* end confdefs.h.  */
| 
| /* Override any gcc2 internal prototype to avoid an error.  */
| #ifdef __cplusplus
| extern "C"
| #endif
| /* We use char because int might match the return type of a gcc2
|    builtin and then its argument prototype would still apply.  */
| char sqrt ();
| int
| main ()
| {
| sqrt ();
|   ;
|   return 0;
| }
configure:6553: gcc -o conftest  -g -O2 -pthread  -DLINUX=2 -D_REENTRANT -D_GNU_SOURCE   -L/home/akaedu/project/xinge-project/httpd/httpd-2.2.4/srclib/apr-util/xml/expat/lib conftest.c -lm   >&5
conftest.c:37: warning: conflicting types for built-in function 'sqrt'
configure:6559: $? = 0
configure:6563: test -z 
			 || test ! -s conftest.err
configure:6566: $? = 0
configure:6569: test -s conftest
configure:6572: $? = 0
configure:6587: result: -lm
configure:6612: checking for getpwnam
configure:6669: gcc -o conftest  -g -O2 -pthread  -DLINUX=2 -D_REENTRANT -D_GNU_SOURCE   -L/home/akaedu/project/xinge-project/httpd/httpd-2.2.4/srclib/apr-util/xml/expat/lib conftest.c -lm  >&5
configure:6675: $? = 0
configure:6679: test -z 
			 || test ! -s conftest.err
configure:6682: $? = 0
configure:6685: test -s conftest
configure:6688: $? = 0
configure:6700: result: yes
configure:6612: checking for getgrnam
configure:6669: gcc -o conftest  -g -O2 -pthread  -DLINUX=2 -D_REENTRANT -D_GNU_SOURCE   -L/home/akaedu/project/xinge-project/httpd/httpd-2.2.4/srclib/apr-util/xml/expat/lib conftest.c -lm  >&5
configure:6675: $? = 0
configure:6679: test -z 
			 || test ! -s conftest.err
configure:6682: $? = 0
configure:6685: test -s conftest
configure:6688: $? = 0
configure:6700: result: yes
configure:6612: checking for initgroups
configure:6669: gcc -o conftest  -g -O2 -pthread  -DLINUX=2 -D_REENTRANT -D_GNU_SOURCE   -L/home/akaedu/project/xinge-project/httpd/httpd-2.2.4/srclib/apr-util/xml/expat/lib conftest.c -lm  >&5
configure:6675: $? = 0
configure:6679: test -z 
			 || test ! -s conftest.err
configure:6682: $? = 0
configure:6685: test -s conftest
configure:6688: $? = 0
configure:6700: result: yes
configure:6612: checking for bindprocessor
configure:6669: gcc -o conftest  -g -O2 -pthread  -DLINUX=2 -D_REENTRANT -D_GNU_SOURCE   -L/home/akaedu/project/xinge-project/httpd/httpd-2.2.4/srclib/apr-util/xml/expat/lib conftest.c -lm  >&5
/tmp/ccqPkfbZ.o: In function `main':
/home/akaedu/project/xinge-project/httpd/httpd-2.2.4/conftest.c:72: undefined reference to `bindprocessor'
/tmp/ccqPkfbZ.o:(.data+0x0): undefined reference to `bindprocessor'
collect2: ld returned 1 exit status
configure:6675: $? = 1
configure: failed program was:
| /* confdefs.h.  */
| 
| #define PACKAGE_NAME ""
| #define PACKAGE_TARNAME ""
| #define PACKAGE_VERSION ""
| #define PACKAGE_STRING ""
| #define PACKAGE_BUGREPORT ""
| #define STDC_HEADERS 1
| #define HAVE_SYS_TYPES_H 1
| #define HAVE_SYS_STAT_H 1
| #define HAVE_STDLIB_H 1
| #define HAVE_STRING_H 1
| #define HAVE_MEMORY_H 1
| #define HAVE_STRINGS_H 1
| #define HAVE_INTTYPES_H 1
| #define HAVE_STDINT_H 1
| #define HAVE_UNISTD_H 1
| #define STDC_HEADERS 1
| #define HAVE_STRING_H 1
| #define HAVE_LIMITS_H 1
| #define HAVE_UNISTD_H 1
| #define HAVE_SYS_SOCKET_H 1
| #define HAVE_PWD_H 1
| #define HAVE_GRP_H 1
| #define HAVE_STRINGS_H 1
| #define HAVE_SYS_PRCTL_H 1
| #define HAVE_SYS_SEM_H 1
| #define HAVE_SYS_WAIT_H 1
| #define HAVE_GETPWNAM 1
| #define HAVE_GETGRNAM 1
| #define HAVE_INITGROUPS 1
| /* end confdefs.h.  */
| /* Define bindprocessor to an innocuous variant, in case <limits.h> declares bindprocessor.
|    For example, HP-UX 11i <limits.h> declares gettimeofday.  */
| #define bindprocessor innocuous_bindprocessor
| 
| /* System header to define __stub macros and hopefully few prototypes,
|     which can conflict with char bindprocessor (); below.
|     Prefer <limits.h> to <assert.h> if __STDC__ is defined, since
|     <limits.h> exists even on freestanding compilers.  */
| 
| #ifdef __STDC__
| # include <limits.h>
| #else
| # include <assert.h>
| #endif
| 
| #undef bindprocessor
| 
| /* Override any gcc2 internal prototype to avoid an error.  */
| #ifdef __cplusplus
| extern "C"
| {
| #endif
| /* We use char because int might match the return type of a gcc2
|    builtin and then its argument prototype would still apply.  */
| char bindprocessor ();
| /* The GNU C library defines this for functions which it implements
|     to always fail with ENOSYS.  Some functions are actually named
|     something starting with __ and the normal name is an alias.  */
| #if defined (__stub_bindprocessor) || defined (__stub___bindprocessor)
| choke me
| #else
| char (*f) () = bindprocessor;
| #endif
| #ifdef __cplusplus
| }
| #endif
| 
| int
| main ()
| {
| return f != bindprocessor;
|   ;
|   return 0;
| }
configure:6700: result: no
configure:6612: checking for prctl
configure:6669: gcc -o conftest  -g -O2 -pthread  -DLINUX=2 -D_REENTRANT -D_GNU_SOURCE   -L/home/akaedu/project/xinge-project/httpd/httpd-2.2.4/srclib/apr-util/xml/expat/lib conftest.c -lm  >&5
configure:6675: $? = 0
configure:6679: test -z 
			 || test ! -s conftest.err
configure:6682: $? = 0
configure:6685: test -s conftest
configure:6688: $? = 0
configure:6700: result: yes
configure:6612: checking for timegm
configure:6669: gcc -o conftest  -g -O2 -pthread  -DLINUX=2 -D_REENTRANT -D_GNU_SOURCE   -L/home/akaedu/project/xinge-project/httpd/httpd-2.2.4/srclib/apr-util/xml/expat/lib conftest.c -lm  >&5
configure:6675: $? = 0
configure:6679: test -z 
			 || test ! -s conftest.err
configure:6682: $? = 0
configure:6685: test -s conftest
configure:6688: $? = 0
configure:6700: result: yes
configure:6713: checking for void pointer length
configure:6734: gcc -o conftest  -g -O2 -pthread  -DLINUX=2 -D_REENTRANT -D_GNU_SOURCE   -L/home/akaedu/project/xinge-project/httpd/httpd-2.2.4/srclib/apr-util/xml/expat/lib conftest.c -lm  >&5
configure:6737: $? = 0
configure:6739: ./conftest
configure:6742: $? = 0
configure:6756: result: no
configure:6766: checking for tm_gmtoff in struct tm
configure:6788: gcc -c  -g -O2 -pthread  -DLINUX=2 -D_REENTRANT -D_GNU_SOURCE conftest.c >&5
configure:6794: $? = 0
configure:6798: test -z 
			 || test ! -s conftest.err
configure:6801: $? = 0
configure:6804: test -s conftest.o
configure:6807: $? = 0
configure:6818: result: yes
configure:7070: checking whether to enable mod_authn_file
configure:7108: result: yes (default)
configure:7163: checking whether to enable mod_authn_dbm
configure:7201: result: no
configure:7256: checking whether to enable mod_authn_anon
configure:7294: result: no
configure:7349: checking whether to enable mod_authn_dbd
configure:7387: result: no
configure:7443: checking whether to enable mod_authn_default
configure:7481: result: yes (default)
configure:7537: checking whether to enable mod_authn_alias
configure:7575: result: no
configure:7631: checking whether to enable mod_authz_host
configure:7669: result: yes (default)
configure:7724: checking whether to enable mod_authz_groupfile
configure:7762: result: yes (default)
configure:7817: checking whether to enable mod_authz_user
configure:7855: result: yes (default)
configure:7910: checking whether to enable mod_authz_dbm
configure:7948: result: no
configure:8003: checking whether to enable mod_authz_owner
configure:8041: result: no
configure:8097: checking whether to enable mod_authnz_ldap
configure:8135: result: no
configure:8191: checking whether to enable mod_authz_default
configure:8229: result: yes (default)
configure:8286: checking whether to enable mod_auth_basic
configure:8324: result: yes (default)
configure:8379: checking whether to enable mod_auth_digest
configure:8462: result: no
configure:8543: checking whether to enable mod_isapi
configure:8581: result: no
configure:8662: checking whether to enable mod_file_cache
configure:8700: result: no
configure:8758: checking whether to enable mod_cache
configure:8796: result: no
configure:8851: checking whether to enable mod_disk_cache
configure:8889: result: no
configure:8944: checking whether to enable mod_mem_cache
configure:8982: result: no
configure:9062: checking whether to enable mod_dbd
configure:9100: result: no
configure:9180: checking whether to enable mod_bucketeer
configure:9218: result: no
configure:9273: checking whether to enable mod_dumpio
configure:9311: result: no
configure:9392: checking whether to enable mod_echo
configure:9430: result: no
configure:9510: checking whether to enable mod_example
configure:9548: result: no
configure:9603: checking whether to enable mod_case_filter
configure:9641: result: no
configure:9696: checking whether to enable mod_case_filter_in
configure:9734: result: no
configure:9815: checking whether to enable mod_ext_filter
configure:9853: result: no
configure:9908: checking whether to enable mod_include
configure:9946: result: yes (default)
configure:10001: checking whether to enable mod_filter
configure:10039: result: yes (default)
configure:10192: checking whether to enable mod_charset_lite
configure:10230: result: no
configure:10288: checking whether to enable mod_deflate
configure:10548: result: no
configure:10630: checking whether to enable mod_ldap
configure:10668: result: no
configure:10749: checking whether to enable mod_log_config
configure:10787: result: yes (default)
configure:10842: checking whether to enable mod_log_forensic
configure:10880: result: no
configure:10961: checking whether to enable mod_logio
configure:10999: result: no
configure:11080: checking whether to enable mod_env
configure:11118: result: yes (default)
configure:11173: checking whether to enable mod_mime_magic
configure:11211: result: no
configure:11266: checking whether to enable mod_cern_meta
configure:11304: result: no
configure:11359: checking whether to enable mod_expires
configure:11397: result: no
configure:11452: checking whether to enable mod_headers
configure:11490: result: no
configure:11545: checking whether to enable mod_ident
configure:11583: result: no
configure:11639: checking whether to enable mod_usertrack
configure:11943: result: no
configure:11999: checking whether to enable mod_unique_id
configure:12037: result: no
configure:12092: checking whether to enable mod_setenvif
configure:12130: result: yes (default)
configure:12185: checking whether to enable mod_version
configure:12223: result: no
configure:12312: checking whether to enable mod_proxy
configure:12350: result: no
configure:12424: checking whether to enable mod_proxy_connect
configure:12462: result: no
configure:12517: checking whether to enable mod_proxy_ftp
configure:12555: result: no
configure:12610: checking whether to enable mod_proxy_http
configure:12648: result: no
configure:12703: checking whether to enable mod_proxy_ajp
configure:12741: result: no
configure:12796: checking whether to enable mod_proxy_balancer
configure:12834: result: no
configure:12939: checking whether to enable mod_ssl
configure:14859: result: no
configure:14963: checking whether to enable mod_optional_hook_export
configure:15001: result: no
configure:15056: checking whether to enable mod_optional_hook_import
configure:15094: result: no
configure:15149: checking whether to enable mod_optional_fn_import
configure:15187: result: no
configure:15242: checking whether to enable mod_optional_fn_export
configure:15280: result: no
configure:15373: checking for target platform
configure:15398: result: unix
configure:15430: checking for rlim_t
configure:15456: gcc -c  -g -O2 -pthread  -DLINUX=2 -D_REENTRANT -D_GNU_SOURCE conftest.c >&5
configure:15462: $? = 0
configure:15466: test -z 
			 || test ! -s conftest.err
configure:15469: $? = 0
configure:15472: test -s conftest.o
configure:15475: $? = 0
configure:15490: result: yes
configure:15518: checking sys/time.h usability
configure:15530: gcc -c  -g -O2 -pthread  -DLINUX=2 -D_REENTRANT -D_GNU_SOURCE conftest.c >&5
configure:15536: $? = 0
configure:15540: test -z 
			 || test ! -s conftest.err
configure:15543: $? = 0
configure:15546: test -s conftest.o
configure:15549: $? = 0
configure:15559: result: yes
configure:15563: checking sys/time.h presence
configure:15573: gcc -E  -DLINUX=2 -D_REENTRANT -D_GNU_SOURCE conftest.c
configure:15579: $? = 0
configure:15599: result: yes
configure:15634: checking for sys/time.h
configure:15641: result: yes
configure:15518: checking sys/resource.h usability
configure:15530: gcc -c  -g -O2 -pthread  -DLINUX=2 -D_REENTRANT -D_GNU_SOURCE conftest.c >&5
configure:15536: $? = 0
configure:15540: test -z 
			 || test ! -s conftest.err
configure:15543: $? = 0
configure:15546: test -s conftest.o
configure:15549: $? = 0
configure:15559: result: yes
configure:15563: checking sys/resource.h presence
configure:15573: gcc -E  -DLINUX=2 -D_REENTRANT -D_GNU_SOURCE conftest.c
configure:15579: $? = 0
configure:15599: result: yes
configure:15634: checking for sys/resource.h
configure:15641: result: yes
configure:15509: checking for sys/sem.h
configure:15514: result: yes
configure:15518: checking sys/ipc.h usability
configure:15530: gcc -c  -g -O2 -pthread  -DLINUX=2 -D_REENTRANT -D_GNU_SOURCE conftest.c >&5
configure:15536: $? = 0
configure:15540: test -z 
			 || test ! -s conftest.err
configure:15543: $? = 0
configure:15546: test -s conftest.o
configure:15549: $? = 0
configure:15559: result: yes
configure:15563: checking sys/ipc.h presence
configure:15573: gcc -E  -DLINUX=2 -D_REENTRANT -D_GNU_SOURCE conftest.c
configure:15579: $? = 0
configure:15599: result: yes
configure:15634: checking for sys/ipc.h
configure:15641: result: yes
configure:15660: checking for setsid
configure:15717: gcc -o conftest  -g -O2 -pthread  -DLINUX=2 -D_REENTRANT -D_GNU_SOURCE   -L/home/akaedu/project/xinge-project/httpd/httpd-2.2.4/srclib/apr-util/xml/expat/lib conftest.c -lm  >&5
configure:15723: $? = 0
configure:15727: test -z 
			 || test ! -s conftest.err
configure:15730: $? = 0
configure:15733: test -s conftest
configure:15736: $? = 0
configure:15748: result: yes
configure:15660: checking for killpg
configure:15717: gcc -o conftest  -g -O2 -pthread  -DLINUX=2 -D_REENTRANT -D_GNU_SOURCE   -L/home/akaedu/project/xinge-project/httpd/httpd-2.2.4/srclib/apr-util/xml/expat/lib conftest.c -lm  >&5
configure:15723: $? = 0
configure:15727: test -z 
			 || test ! -s conftest.err
configure:15730: $? = 0
configure:15733: test -s conftest
configure:15736: $? = 0
configure:15748: result: yes
configure:15777: checking bstring.h usability
configure:15789: gcc -c  -g -O2 -pthread  -DLINUX=2 -D_REENTRANT -D_GNU_SOURCE conftest.c >&5
conftest.c:77:21: error: bstring.h: No such file or directory
configure:15795: $? = 1
configure: failed program was:
| /* confdefs.h.  */
| 
| #define PACKAGE_NAME ""
| #define PACKAGE_TARNAME ""
| #define PACKAGE_VERSION ""
| #define PACKAGE_STRING ""
| #define PACKAGE_BUGREPORT ""
| #define STDC_HEADERS 1
| #define HAVE_SYS_TYPES_H 1
| #define HAVE_SYS_STAT_H 1
| #define HAVE_STDLIB_H 1
| #define HAVE_STRING_H 1
| #define HAVE_MEMORY_H 1
| #define HAVE_STRINGS_H 1
| #define HAVE_INTTYPES_H 1
| #define HAVE_STDINT_H 1
| #define HAVE_UNISTD_H 1
| #define STDC_HEADERS 1
| #define HAVE_STRING_H 1
| #define HAVE_LIMITS_H 1
| #define HAVE_UNISTD_H 1
| #define HAVE_SYS_SOCKET_H 1
| #define HAVE_PWD_H 1
| #define HAVE_GRP_H 1
| #define HAVE_STRINGS_H 1
| #define HAVE_SYS_PRCTL_H 1
| #define HAVE_SYS_SEM_H 1
| #define HAVE_SYS_WAIT_H 1
| #define HAVE_GETPWNAM 1
| #define HAVE_GETGRNAM 1
| #define HAVE_INITGROUPS 1
| #define HAVE_PRCTL 1
| #define HAVE_TIMEGM 1
| #define HAVE_GMTOFF 1
| #define AP_ENABLE_V4_MAPPED 1
| #define HAVE_SYS_TIME_H 1
| #define HAVE_SYS_RESOURCE_H 1
| #define HAVE_SYS_SEM_H 1
| #define HAVE_SYS_IPC_H 1
| #define HAVE_SETSID 1
| #define HAVE_KILLPG 1
| /* end confdefs.h.  */
| #include <stdio.h>
| #if HAVE_SYS_TYPES_H
| # include <sys/types.h>
| #endif
| #if HAVE_SYS_STAT_H
| # include <sys/stat.h>
| #endif
| #if STDC_HEADERS
| # include <stdlib.h>
| # include <stddef.h>
| #else
| # if HAVE_STDLIB_H
| #  include <stdlib.h>
| # endif
| #endif
| #if HAVE_STRING_H
| # if !STDC_HEADERS && HAVE_MEMORY_H
| #  include <memory.h>
| # endif
| # include <string.h>
| #endif
| #if HAVE_STRINGS_H
| # include <strings.h>
| #endif
| #if HAVE_INTTYPES_H
| # include <inttypes.h>
| #else
| # if HAVE_STDINT_H
| #  include <stdint.h>
| # endif
| #endif
| #if HAVE_UNISTD_H
| # include <unistd.h>
| #endif
| #include <bstring.h>
configure:15818: result: no
configure:15822: checking bstring.h presence
configure:15832: gcc -E  -DLINUX=2 -D_REENTRANT -D_GNU_SOURCE conftest.c
conftest.c:43:21: error: bstring.h: No such file or directory
configure:15838: $? = 1
configure: failed program was:
| /* confdefs.h.  */
| 
| #define PACKAGE_NAME ""
| #define PACKAGE_TARNAME ""
| #define PACKAGE_VERSION ""
| #define PACKAGE_STRING ""
| #define PACKAGE_BUGREPORT ""
| #define STDC_HEADERS 1
| #define HAVE_SYS_TYPES_H 1
| #define HAVE_SYS_STAT_H 1
| #define HAVE_STDLIB_H 1
| #define HAVE_STRING_H 1
| #define HAVE_MEMORY_H 1
| #define HAVE_STRINGS_H 1
| #define HAVE_INTTYPES_H 1
| #define HAVE_STDINT_H 1
| #define HAVE_UNISTD_H 1
| #define STDC_HEADERS 1
| #define HAVE_STRING_H 1
| #define HAVE_LIMITS_H 1
| #define HAVE_UNISTD_H 1
| #define HAVE_SYS_SOCKET_H 1
| #define HAVE_PWD_H 1
| #define HAVE_GRP_H 1
| #define HAVE_STRINGS_H 1
| #define HAVE_SYS_PRCTL_H 1
| #define HAVE_SYS_SEM_H 1
| #define HAVE_SYS_WAIT_H 1
| #define HAVE_GETPWNAM 1
| #define HAVE_GETGRNAM 1
| #define HAVE_INITGROUPS 1
| #define HAVE_PRCTL 1
| #define HAVE_TIMEGM 1
| #define HAVE_GMTOFF 1
| #define AP_ENABLE_V4_MAPPED 1
| #define HAVE_SYS_TIME_H 1
| #define HAVE_SYS_RESOURCE_H 1
| #define HAVE_SYS_SEM_H 1
| #define HAVE_SYS_IPC_H 1
| #define HAVE_SETSID 1
| #define HAVE_KILLPG 1
| /* end confdefs.h.  */
| #include <bstring.h>
configure:15858: result: no
configure:15893: checking for bstring.h
configure:15900: result: no
configure:15768: checking for unistd.h
configure:15773: result: yes
configure:15920: checking for syslog
configure:15977: gcc -o conftest  -g -O2 -pthread  -DLINUX=2 -D_REENTRANT -D_GNU_SOURCE   -L/home/akaedu/project/xinge-project/httpd/httpd-2.2.4/srclib/apr-util/xml/expat/lib conftest.c -lm  >&5
configure:15983: $? = 0
configure:15987: test -z 
			 || test ! -s conftest.err
configure:15990: $? = 0
configure:15993: test -s conftest
configure:15996: $? = 0
configure:16008: result: yes
configure:16033: checking sys/times.h usability
configure:16045: gcc -c  -g -O2 -pthread  -DLINUX=2 -D_REENTRANT -D_GNU_SOURCE conftest.c >&5
configure:16051: $? = 0
configure:16055: test -z 
			 || test ! -s conftest.err
configure:16058: $? = 0
configure:16061: test -s conftest.o
configure:16064: $? = 0
configure:16074: result: yes
configure:16078: checking sys/times.h presence
configure:16088: gcc -E  -DLINUX=2 -D_REENTRANT -D_GNU_SOURCE conftest.c
configure:16094: $? = 0
configure:16114: result: yes
configure:16149: checking for sys/times.h
configure:16156: result: yes
configure:16173: checking for times
configure:16230: gcc -o conftest  -g -O2 -pthread  -DLINUX=2 -D_REENTRANT -D_GNU_SOURCE   -L/home/akaedu/project/xinge-project/httpd/httpd-2.2.4/srclib/apr-util/xml/expat/lib conftest.c -lm  >&5
configure:16236: $? = 0
configure:16240: test -z 
			 || test ! -s conftest.err
configure:16243: $? = 0
configure:16246: test -s conftest
configure:16249: $? = 0
configure:16261: result: yes
configure:16272: checking which MPM to use
configure:16288: result: prefork
configure:17152: checking whether to enable mod_http
configure:17190: result: yes
configure:17245: checking whether to enable mod_mime
configure:17283: result: yes (default)
configure:17352: checking for extra modules
configure:17413: result: none
configure:17437: checking whether to enable mod_dav
configure:17475: result: no
configure:17583: checking whether to enable mod_status
configure:17621: result: yes (default)
configure:17676: checking whether to enable mod_autoindex
configure:17714: result: yes (default)
configure:17769: checking whether to enable mod_asis
configure:17807: result: yes (default)
configure:17862: checking whether to enable mod_info
configure:17900: result: no
configure:17955: checking whether to enable mod_suexec
configure:18007: result: no
configure:18256: checking whether to enable mod_cgi
configure:18294: result: yes (default)
configure:18349: checking whether to enable mod_cgid
configure:18387: result: no
configure:18792: checking whether to enable mod_dav_fs
configure:18830: result: no
configure:18920: checking whether to enable mod_dav_lock
configure:18958: result: no
configure:19039: checking whether to enable mod_vhost_alias
configure:19077: result: no
configure:19132: checking whether to enable mod_negotiation
configure:19170: result: yes (default)
configure:19225: checking whether to enable mod_dir
configure:19263: result: yes (default)
configure:19318: checking whether to enable mod_imagemap
configure:19356: result: no
configure:19411: checking whether to enable mod_actions
configure:19449: result: yes (default)
configure:19504: checking whether to enable mod_speling
configure:19542: result: no
configure:19597: checking whether to enable mod_userdir
configure:19635: result: yes (default)
configure:19690: checking whether to enable mod_alias
configure:19728: result: yes (default)
configure:19784: checking whether to enable mod_rewrite
configure:19822: result: no
configure:19973: checking whether to enable mod_so
configure:20011: result: yes
configure:20964: creating ./config.status

## ---------------------- ##
## Running config.status. ##
## ---------------------- ##

This file was extended by config.status, which was
generated by GNU Autoconf 2.59.  Invocation command line was

  CONFIG_FILES    = 
  CONFIG_HEADERS  = 
  CONFIG_LINKS    = 
  CONFIG_COMMANDS = 
  $ ./config.status 

on akaedu-desktop

config.status:908: creating docs/conf/httpd.conf
config.status:908: creating docs/conf/extra/httpd-autoindex.conf
config.status:908: creating docs/conf/extra/httpd-dav.conf
config.status:908: creating docs/conf/extra/httpd-default.conf
config.status:908: creating docs/conf/extra/httpd-info.conf
config.status:908: creating docs/conf/extra/httpd-languages.conf
config.status:908: creating docs/conf/extra/httpd-manual.conf
config.status:908: creating docs/conf/extra/httpd-mpm.conf
config.status:908: creating docs/conf/extra/httpd-multilang-errordoc.conf
config.status:908: creating docs/conf/extra/httpd-ssl.conf
config.status:908: creating docs/conf/extra/httpd-userdir.conf
config.status:908: creating docs/conf/extra/httpd-vhosts.conf
config.status:908: creating include/ap_config_layout.h
config.status:908: creating support/apxs
config.status:908: creating support/apachectl
config.status:908: creating support/dbmmanage
config.status:908: creating support/envvars-std
config.status:908: creating support/log_server_status
config.status:908: creating support/logresolve.pl
config.status:908: creating support/phf_abuse_log.cgi
config.status:908: creating support/split-logfile
config.status:908: creating build/rules.mk
config.status:908: creating build/pkg/pkginfo
config.status:908: creating build/config_vars.sh
config.status:1011: creating include/ap_config_auto.h
config.status:1359: executing default commands

## ---------------- ##
## Cache variables. ##
## ---------------- ##

ac_cv_build=i686-pc-linux-gnu
ac_cv_build_alias=i686-pc-linux-gnu
ac_cv_c_compiler_gnu=yes
ac_cv_c_const=yes
ac_cv_define_APR_HAS_DSO=yes
ac_cv_define_APR_HAVE_IPV6=yes
ac_cv_env_CC_set=
ac_cv_env_CC_value=
ac_cv_env_CFLAGS_set=
ac_cv_env_CFLAGS_value=
ac_cv_env_CPPFLAGS_set=
ac_cv_env_CPPFLAGS_value=
ac_cv_env_CPP_set=
ac_cv_env_CPP_value=
ac_cv_env_LDFLAGS_set=
ac_cv_env_LDFLAGS_value=
ac_cv_env_build_alias_set=
ac_cv_env_build_alias_value=
ac_cv_env_host_alias_set=
ac_cv_env_host_alias_value=
ac_cv_env_target_alias_set=
ac_cv_env_target_alias_value=
ac_cv_exeext=
ac_cv_func_bindprocessor=no
ac_cv_func_getgrnam=yes
ac_cv_func_getpwnam=yes
ac_cv_func_initgroups=yes
ac_cv_func_killpg=yes
ac_cv_func_prctl=yes
ac_cv_func_setsid=yes
ac_cv_func_syslog=yes
ac_cv_func_timegm=yes
ac_cv_func_times=yes
ac_cv_header_bstring_h=no
ac_cv_header_grp_h=yes
ac_cv_header_inttypes_h=yes
ac_cv_header_limits_h=yes
ac_cv_header_memory_h=yes
ac_cv_header_minix_config_h=no
ac_cv_header_pwd_h=yes
ac_cv_header_stdc=yes
ac_cv_header_stdint_h=yes
ac_cv_header_stdlib_h=yes
ac_cv_header_string_h=yes
ac_cv_header_strings_h=yes
ac_cv_header_sys_ipc_h=yes
ac_cv_header_sys_prctl_h=yes
ac_cv_header_sys_processor_h=no
ac_cv_header_sys_resource_h=yes
ac_cv_header_sys_sem_h=yes
ac_cv_header_sys_socket_h=yes
ac_cv_header_sys_stat_h=yes
ac_cv_header_sys_time_h=yes
ac_cv_header_sys_times_h=yes
ac_cv_header_sys_types_h=yes
ac_cv_header_sys_wait_h=yes
ac_cv_header_unistd_h=yes
ac_cv_host=i686-pc-linux-gnu
ac_cv_host_alias=i686-pc-linux-gnu
ac_cv_mkdir_p=yes
ac_cv_objext=o
ac_cv_path_PKGCONFIG=/usr/bin/pkg-config
ac_cv_path_RM=/bin/rm
ac_cv_path_RSYNC=/usr/bin/rsync
ac_cv_prog_AWK=gawk
ac_cv_prog_CPP='gcc -E'
ac_cv_prog_ac_ct_CC=gcc
ac_cv_prog_ac_ct_RANLIB=ranlib
ac_cv_prog_cc_g=yes
ac_cv_prog_cc_stdc=
ac_cv_prog_egrep='grep -E'
ac_cv_search_sqrt=-lm
ac_cv_search_strerror='none required'
ac_cv_struct_tm_gmtoff=yes
ac_cv_target=i686-pc-linux-gnu
ac_cv_target_alias=i686-pc-linux-gnu
ac_cv_type_rlim_t=yes
apache_cv_mpm=prefork

## ----------------- ##
## Output variables. ##
## ----------------- ##

APACHECTL_ULIMIT='ulimit -S -n `ulimit -H -n`'
APR_BINDIR='/var/httpd/bin'
APR_CONFIG='/var/httpd/bin/apr-1-config'
APR_INCLUDEDIR='/home/akaedu/project/xinge-project/httpd/httpd-2.2.4/srclib/apr/include'
APR_VERSION='1.2.8'
APU_BINDIR='/var/httpd/bin'
APU_CONFIG='/var/httpd/bin/apu-1-config'
APU_INCLUDEDIR='/home/akaedu/project/xinge-project/httpd/httpd-2.2.4/srclib/apr-util/include'
APU_VERSION='1.2.8'
AP_BUILD_SRCLIB_DIRS='apr  apr-util pcre'
AP_CLEAN_SRCLIB_DIRS='apr-util  apr pcre'
AP_LIBS='/home/akaedu/project/xinge-project/httpd/httpd-2.2.4/srclib/pcre/libpcre.la  /home/akaedu/project/xinge-project/httpd/httpd-2.2.4/srclib/apr-util/libaprutil-1.la /home/akaedu/project/xinge-project/httpd/httpd-2.2.4/srclib/apr-util/xml/expat/lib/libexpat.la  /home/akaedu/project/xinge-project/httpd/httpd-2.2.4/srclib/apr/libapr-1.la -lrt -lcrypt  -lpthread -ldl'
AWK='gawk'
BUILTIN_LIBS=' modules/aaa/libmod_authn_file.la modules/aaa/libmod_authn_default.la modules/aaa/libmod_authz_host.la modules/aaa/libmod_authz_groupfile.la modules/aaa/libmod_authz_user.la modules/aaa/libmod_authz_default.la modules/aaa/libmod_auth_basic.la modules/filters/libmod_include.la modules/filters/libmod_filter.la modules/loggers/libmod_log_config.la modules/metadata/libmod_env.la modules/metadata/libmod_setenvif.la modules/http/libmod_http.la modules/http/libmod_mime.la modules/generators/libmod_status.la modules/generators/libmod_autoindex.la modules/generators/libmod_asis.la modules/generators/libmod_cgi.la modules/mappers/libmod_negotiation.la modules/mappers/libmod_dir.la modules/mappers/libmod_actions.la modules/mappers/libmod_userdir.la modules/mappers/libmod_alias.la modules/mappers/libmod_so.la'
CC='gcc'
CFLAGS=''
CORE_IMPLIB=''
CORE_IMPLIB_FILE=''
CPP='gcc -E'
CPPFLAGS=''
CXX=''
CXXFLAGS=''
DEFS='-DHAVE_CONFIG_H'
DSO_MODULES=''
ECHO_C=''
ECHO_N='-n'
ECHO_T=''
EGREP='grep -E'
EXEEXT=''
EXTRA_CFLAGS=' -g -O2 -pthread'
EXTRA_CPPFLAGS=' -DLINUX=2 -D_REENTRANT -D_GNU_SOURCE'
EXTRA_CXXFLAGS=''
EXTRA_INCLUDES='-I$(top_builddir)/srclib/pcre -I. -I$(top_srcdir)/os/$(OS_DIR) -I$(top_srcdir)/server/mpm/$(MPM_SUBDIR_NAME) -I$(top_srcdir)/modules/http -I$(top_srcdir)/modules/filters -I$(top_srcdir)/modules/proxy -I$(top_srcdir)/include -I$(top_srcdir)/modules/generators -I$(top_srcdir)/modules/mappers -I$(top_srcdir)/modules/database -I/home/akaedu/project/xinge-project/httpd/httpd-2.2.4/srclib/apr/include -I/home/akaedu/project/xinge-project/httpd/httpd-2.2.4/srclib/apr-util/include -I/home/akaedu/project/xinge-project/httpd/httpd-2.2.4/srclib/apr-util/xml/expat/lib -I$(top_srcdir)/modules/proxy/../generators -I$(top_srcdir)/modules/ssl -I$(top_srcdir)/modules/dav/main'
EXTRA_LDFLAGS='  -L/home/akaedu/project/xinge-project/httpd/httpd-2.2.4/srclib/apr-util/xml/expat/lib'
EXTRA_LIBS='-lm '
HTTPD_LDFLAGS='-export-dynamic'
HTTPD_VERSION='2.2.4'
INCLUDES=''
INSTALL='$(LIBTOOL) --mode=install $(abs_srcdir)/build/install.sh -c'
INSTALL_DSO='yes'
INSTALL_PROG_FLAGS=''
LDFLAGS=''
LIBOBJS=''
LIBS=''
LIBTOOL='/home/akaedu/project/xinge-project/httpd/httpd-2.2.4/srclib/apr/libtool $(LTFLAGS)'
LN_S='ln -s'
LTCFLAGS='-prefer-non-pic -static'
LTFLAGS='--silent'
LTLIBOBJS=''
LT_LDFLAGS=''
LYNX_PATH='lynx'
MKDEP='$(CC) -MM'
MKINSTALLDIRS='$(abs_srcdir)/build/mkdir.sh'
MK_IMPLIB=''
MODULE_CLEANDIRS=' arch/win32 cache database debug echo experimental ldap proxy ssl test dav/main dav/fs dav/lock'
MODULE_DIRS=' aaa filters loggers metadata http generators mappers'
MOD_ACTIONS_LDADD=''
MOD_ALIAS_LDADD=''
MOD_ASIS_LDADD=''
MOD_AUTHNZ_LDAP_LDADD=''
MOD_AUTHN_ALIAS_LDADD=''
MOD_AUTHN_ANON_LDADD=''
MOD_AUTHN_DBD_LDADD=''
MOD_AUTHN_DBM_LDADD=''
MOD_AUTHN_DEFAULT_LDADD=''
MOD_AUTHN_FILE_LDADD=''
MOD_AUTHZ_DBM_LDADD=''
MOD_AUTHZ_DEFAULT_LDADD=''
MOD_AUTHZ_GROUPFILE_LDADD=''
MOD_AUTHZ_HOST_LDADD=''
MOD_AUTHZ_OWNER_LDADD=''
MOD_AUTHZ_USER_LDADD=''
MOD_AUTH_BASIC_LDADD=''
MOD_AUTH_DIGEST_LDADD=''
MOD_AUTOINDEX_LDADD=''
MOD_BUCKETEER_LDADD=''
MOD_CACHE_LDADD=''
MOD_CASE_FILTER_IN_LDADD=''
MOD_CASE_FILTER_LDADD=''
MOD_CERN_META_LDADD=''
MOD_CGID_LDADD=''
MOD_CGI_LDADD=''
MOD_CHARSET_LITE_LDADD=''
MOD_DAV_FS_LDADD=''
MOD_DAV_LDADD=''
MOD_DAV_LOCK_LDADD=''
MOD_DBD_LDADD=''
MOD_DEFLATE_LDADD=''
MOD_DIR_LDADD=''
MOD_DISK_CACHE_LDADD=''
MOD_DUMPIO_LDADD=''
MOD_ECHO_LDADD=''
MOD_ENV_LDADD=''
MOD_EXAMPLE_LDADD=''
MOD_EXPIRES_LDADD=''
MOD_EXT_FILTER_LDADD=''
MOD_FILE_CACHE_LDADD=''
MOD_FILTER_LDADD=''
MOD_HEADERS_LDADD=''
MOD_HTTP_LDADD=''
MOD_IDENT_LDADD=''
MOD_IMAGEMAP_LDADD=''
MOD_INCLUDE_LDADD=''
MOD_INFO_LDADD=''
MOD_ISAPI_LDADD=''
MOD_LDAP_LDADD=''
MOD_LOGIO_LDADD=''
MOD_LOG_CONFIG_LDADD=''
MOD_LOG_FORENSIC_LDADD=''
MOD_MEM_CACHE_LDADD=''
MOD_MIME_LDADD=''
MOD_MIME_MAGIC_LDADD=''
MOD_NEGOTIATION_LDADD=''
MOD_OPTIONAL_FN_EXPORT_LDADD=''
MOD_OPTIONAL_FN_IMPORT_LDADD=''
MOD_OPTIONAL_HOOK_EXPORT_LDADD=''
MOD_OPTIONAL_HOOK_IMPORT_LDADD=''
MOD_PROXY_AJP_LDADD=''
MOD_PROXY_BALANCER_LDADD=''
MOD_PROXY_CONNECT_LDADD=''
MOD_PROXY_FTP_LDADD=''
MOD_PROXY_HTTP_LDADD=''
MOD_PROXY_LDADD=''
MOD_REWRITE_LDADD=''
MOD_SETENVIF_LDADD=''
MOD_SO_LDADD=''
MOD_SPELING_LDADD=''
MOD_SSL_LDADD=''
MOD_STATUS_LDADD=''
MOD_SUEXEC_LDADD=''
MOD_UNIQUE_ID_LDADD=''
MOD_USERDIR_LDADD=''
MOD_USERTRACK_LDADD=''
MOD_VERSION_LDADD=''
MOD_VHOST_ALIAS_LDADD=''
MPM_LIB='server/mpm/prefork/libprefork.la'
MPM_NAME='prefork'
MPM_SUBDIR_NAME='prefork'
NOTEST_CFLAGS=''
NOTEST_CPPFLAGS=''
NOTEST_CXXFLAGS=''
NOTEST_LDFLAGS=''
NOTEST_LIBS=''
OBJEXT='o'
OS='unix'
OS_DIR='unix'
OS_SPECIFIC_VARS=''
PACKAGE_BUGREPORT=''
PACKAGE_NAME=''
PACKAGE_STRING=''
PACKAGE_TARNAME=''
PACKAGE_VERSION=''
PATH_SEPARATOR=':'
PCRE_CONFIG='false'
PICFLAGS=''
PILDFLAGS=''
PKGCONFIG='/usr/bin/pkg-config'
PORT='80'
POST_SHARED_CMDS='echo ""'
PRE_SHARED_CMDS='echo ""'
RANLIB='ranlib'
RM='/bin/rm'
RSYNC='/usr/bin/rsync'
SHELL='/bin/bash'
SHLIBPATH_VAR='LD_LIBRARY_PATH'
SHLTCFLAGS='-prefer-pic'
SH_LDFLAGS=''
SH_LIBS=''
SH_LIBTOOL='$(LIBTOOL)'
SSL_LIBS=''
UTIL_LDFLAGS=''
ab_LTFLAGS=''
abs_srcdir='/home/akaedu/project/xinge-project/httpd/httpd-2.2.4'
ac_ct_CC='gcc'
ac_ct_RANLIB='ranlib'
ap_make_delimiter=' '
ap_make_include='include'
bindir='${exec_prefix}/bin'
build='i686-pc-linux-gnu'
build_alias=''
build_cpu='i686'
build_os='linux-gnu'
build_vendor='pc'
cgidir='${datadir}/cgi-bin'
checkgid_LTFLAGS=''
datadir='${prefix}'
errordir='${datadir}/error'
exec_prefix='${prefix}'
exp_bindir='/var/httpd/bin'
exp_cgidir='/var/httpd/cgi-bin'
exp_datadir='/var/httpd'
exp_errordir='/var/httpd/error'
exp_exec_prefix='/var/httpd'
exp_htdocsdir='/var/httpd/htdocs'
exp_iconsdir='/var/httpd/icons'
exp_includedir='/var/httpd/include'
exp_installbuilddir='/var/httpd/build'
exp_libdir='/var/httpd/lib'
exp_libexecdir='/var/httpd/modules'
exp_localstatedir='/var/httpd'
exp_logfiledir='/var/httpd/logs'
exp_mandir='/var/httpd/man'
exp_manualdir='/var/httpd/manual'
exp_proxycachedir='/var/httpd/proxy'
exp_runtimedir='/var/httpd/logs'
exp_sbindir='/var/httpd/bin'
exp_sysconfdir='/var/httpd/conf'
host='i686-pc-linux-gnu'
host_alias=''
host_cpu='i686'
host_os='linux-gnu'
host_vendor='pc'
htcacheclean_LTFLAGS=''
htdbm_LTFLAGS=''
htdigest_LTFLAGS=''
htdocsdir='${datadir}/htdocs'
htpasswd_LTFLAGS=''
httxt2dbm_LTFLAGS=''
iconsdir='${datadir}/icons'
includedir='${prefix}/include'
infodir='${prefix}/info'
installbuilddir='${datadir}/build'
libdir='${exec_prefix}/lib'
libexecdir='${exec_prefix}/modules'
localstatedir='${prefix}'
logfiledir='${localstatedir}/logs'
logresolve_LTFLAGS=''
mandir='${prefix}/man'
manualdir='${datadir}/manual'
nonssl_listen_stmt_1=''
nonssl_listen_stmt_2=''
oldincludedir='/usr/include'
other_targets=''
perlbin='/usr/bin/perl'
prefix='/var/httpd'
progname='httpd'
program_transform_name='s,x,x,'
proxycachedir='${localstatedir}/proxy'
rel_bindir='bin'
rel_cgidir='cgi-bin'
rel_datadir=''
rel_errordir='error'
rel_exec_prefix=''
rel_htdocsdir='htdocs'
rel_iconsdir='icons'
rel_includedir='include'
rel_installbuilddir='build'
rel_libdir='lib'
rel_libexecdir='modules'
rel_localstatedir=''
rel_logfiledir='logs'
rel_mandir='man'
rel_manualdir='manual'
rel_proxycachedir='proxy'
rel_runtimedir='logs'
rel_sbindir='bin'
rel_sysconfdir='conf'
rotatelogs_LTFLAGS=''
runtimedir='${localstatedir}/logs'
sbindir='${exec_prefix}/bin'
shared_build=''
sharedstatedir='${prefix}/com'
sysconfdir='${prefix}/conf'
target='i686-pc-linux-gnu'
target_alias=''
target_cpu='i686'
target_os='linux-gnu'
target_vendor='pc'

## ----------- ##
## confdefs.h. ##
## ----------- ##

#define APACHE_MPM_DIR "server/mpm/prefork"
#define AP_ENABLE_V4_MAPPED 1
#define AP_NONBLOCK_WHEN_MULTI_LISTEN 1
#define AP_TYPES_CONFIG_FILE "conf/mime.types"
#define AP_USING_AUTOCONF 1
#define HAVE_GETGRNAM 1
#define HAVE_GETPWNAM 1
#define HAVE_GMTOFF 1
#define HAVE_GRP_H 1
#define HAVE_INITGROUPS 1
#define HAVE_INTTYPES_H 1
#define HAVE_KILLPG 1
#define HAVE_LIMITS_H 1
#define HAVE_MEMORY_H 1
#define HAVE_PRCTL 1
#define HAVE_PWD_H 1
#define HAVE_SETSID 1
#define HAVE_STDINT_H 1
#define HAVE_STDLIB_H 1
#define HAVE_STRINGS_H 1
#define HAVE_STRINGS_H 1
#define HAVE_STRING_H 1
#define HAVE_STRING_H 1
#define HAVE_SYSLOG 1
#define HAVE_SYS_IPC_H 1
#define HAVE_SYS_PRCTL_H 1
#define HAVE_SYS_RESOURCE_H 1
#define HAVE_SYS_SEM_H 1
#define HAVE_SYS_SEM_H 1
#define HAVE_SYS_SOCKET_H 1
#define HAVE_SYS_STAT_H 1
#define HAVE_SYS_TIMES_H 1
#define HAVE_SYS_TIME_H 1
#define HAVE_SYS_TYPES_H 1
#define HAVE_SYS_WAIT_H 1
#define HAVE_TIMEGM 1
#define HAVE_TIMES 1
#define HAVE_UNISTD_H 1
#define HAVE_UNISTD_H 1
#define HAVE_UNISTD_H 1
#define HTTPD_ROOT "/var/httpd"
#define PACKAGE_BUGREPORT ""
#define PACKAGE_NAME ""
#define PACKAGE_STRING ""
#define PACKAGE_TARNAME ""
#define PACKAGE_VERSION ""
#define SERVER_CONFIG_FILE "conf/httpd.conf"
#define SINGLE_LISTEN_UNSERIALIZED_ACCEPT 1
#define STDC_HEADERS 1
#define STDC_HEADERS 1

configure: exit 0
