This file contains any messages produced by compilers while
running configure, to aid debugging if configure makes a mistake.

It was created by configure, which was
generated by GNU Autoconf 2.59.  Invocation command line was

  $ /home/akaedu/project/xinge-project/httpd/httpd-2.2.4/srclib/apr-util/configure -prefix=/var/httpd --cache-file=/dev/null --srcdir=/home/akaedu/project/xinge-project/httpd/httpd-2.2.4/srclib/apr-util --with-apr=../apr --prefix=/var/httpd --exec-prefix=/var/httpd --libdir=${prefix}/lib --includedir=/var/httpd/include --bindir=${prefix}/bin

## --------- ##
## Platform. ##
## --------- ##

hostname = akaedu-desktop
uname -m = i686
uname -r = 2.6.32-33-generic-pae
uname -s = Linux
uname -v = #70-Ubuntu SMP Thu Jul 7 22:51:12 UTC 2011

/usr/bin/uname -p = unknown
/bin/uname -X     = unknown

/bin/arch              = unknown
/usr/bin/arch -k       = unknown
/usr/convex/getsysinfo = unknown
hostinfo               = unknown
/bin/machine           = unknown
/usr/bin/oslevel       = unknown
/bin/universe          = unknown

PATH: /usr/local/sbin
PATH: /usr/local/bin
PATH: /usr/sbin
PATH: /usr/bin
PATH: /sbin
PATH: /bin
PATH: /usr/X11R6/bin


## ----------- ##
## Core tests. ##
## ----------- ##

configure:1617: checking build system type
configure:1635: result: i686-pc-linux-gnu
configure:1643: checking host system type
configure:1657: result: i686-pc-linux-gnu
configure:1665: checking target system type
configure:1679: result: i686-pc-linux-gnu
configure:1707: checking for a BSD-compatible install
configure:1762: result: /usr/bin/install -c
configure:1780: checking for working mkdir -p
configure:1796: result: yes
configure:1887: checking for chosen layout
configure:1889: result: apr-util
configure:2115: checking for APR
configure:2197: result: yes
configure:2453: checking for gcc
configure:2479: result: gcc
configure:2723: checking for C compiler version
configure:2726: gcc --version </dev/null >&5
gcc (Ubuntu 4.4.3-4ubuntu5) 4.4.3
Copyright (C) 2009 Free Software Foundation, Inc.
This is free software; see the source for copying conditions.  There is NO
warranty; not even for MERCHANTABILITY or FITNESS FOR A PARTICULAR PURPOSE.

configure:2729: $? = 0
configure:2731: gcc -v </dev/null >&5
Using built-in specs.
Target: i486-linux-gnu
Configured with: ../src/configure -v --with-pkgversion='Ubuntu 4.4.3-4ubuntu5' --with-bugurl=file:///usr/share/doc/gcc-4.4/README.Bugs --enable-languages=c,c++,fortran,objc,obj-c++ --prefix=/usr --enable-shared --enable-multiarch --enable-linker-build-id --with-system-zlib --libexecdir=/usr/lib --without-included-gettext --enable-threads=posix --with-gxx-include-dir=/usr/include/c++/4.4 --program-suffix=-4.4 --enable-nls --enable-clocale=gnu --enable-libstdcxx-debug --enable-plugin --enable-objc-gc --enable-targets=all --disable-werror --with-arch-32=i486 --with-tune=generic --enable-checking=release --build=i486-linux-gnu --host=i486-linux-gnu --target=i486-linux-gnu
Thread model: posix
gcc version 4.4.3 (Ubuntu 4.4.3-4ubuntu5) 
configure:2734: $? = 0
configure:2736: gcc -V </dev/null >&5
gcc: '-V' option must have argument
configure:2739: $? = 1
configure:2762: checking for C compiler default output file name
configure:2765: gcc  -g -O2 -pthread  -DLINUX=2 -D_REENTRANT -D_GNU_SOURCE  conftest.c  >&5
configure:2768: $? = 0
configure:2814: result: a.out
configure:2819: checking whether the C compiler works
configure:2825: ./a.out
configure:2828: $? = 0
configure:2845: result: yes
configure:2852: checking whether we are cross compiling
configure:2854: result: no
configure:2857: checking for suffix of executables
configure:2859: gcc -o conftest  -g -O2 -pthread  -DLINUX=2 -D_REENTRANT -D_GNU_SOURCE  conftest.c  >&5
configure:2862: $? = 0
configure:2887: result: 
configure:2893: checking for suffix of object files
configure:2914: gcc -c  -g -O2 -pthread  -DLINUX=2 -D_REENTRANT -D_GNU_SOURCE conftest.c >&5
configure:2917: $? = 0
configure:2939: result: o
configure:2943: checking whether we are using the GNU C compiler
configure:2967: gcc -c  -g -O2 -pthread  -DLINUX=2 -D_REENTRANT -D_GNU_SOURCE conftest.c >&5
configure:2973: $? = 0
configure:2977: test -z 
			 || test ! -s conftest.err
configure:2980: $? = 0
configure:2983: test -s conftest.o
configure:2986: $? = 0
configure:2999: result: yes
configure:3005: checking whether gcc accepts -g
configure:3026: gcc -c -g  -DLINUX=2 -D_REENTRANT -D_GNU_SOURCE conftest.c >&5
configure:3032: $? = 0
configure:3036: test -z 
			 || test ! -s conftest.err
configure:3039: $? = 0
configure:3042: test -s conftest.o
configure:3045: $? = 0
configure:3056: result: yes
configure:3073: checking for gcc option to accept ANSI C
configure:3143: gcc  -c  -g -O2 -pthread  -DLINUX=2 -D_REENTRANT -D_GNU_SOURCE conftest.c >&5
configure:3149: $? = 0
configure:3153: test -z 
			 || test ! -s conftest.err
configure:3156: $? = 0
configure:3159: test -s conftest.o
configure:3162: $? = 0
configure:3180: result: none needed
configure:3198: gcc -c  -g -O2 -pthread  -DLINUX=2 -D_REENTRANT -D_GNU_SOURCE conftest.c >&5
conftest.c:2: error: expected '=', ',', ';', 'asm' or '__attribute__' before 'me'
configure:3204: $? = 1
configure: failed program was:
| #ifndef __cplusplus
|   choke me
| #endif
configure:3343: checking how to run the C preprocessor
configure:3461: result: gcc -E
configure:3485: gcc -E  -DLINUX=2 -D_REENTRANT -D_GNU_SOURCE conftest.c
configure:3491: $? = 0
configure:3523: gcc -E  -DLINUX=2 -D_REENTRANT -D_GNU_SOURCE conftest.c
conftest.c:9:28: error: ac_nonexistent.h: No such file or directory
configure:3529: $? = 1
configure: failed program was:
| /* confdefs.h.  */
| 
| #define PACKAGE_NAME ""
| #define PACKAGE_TARNAME ""
| #define PACKAGE_VERSION ""
| #define PACKAGE_STRING ""
| #define PACKAGE_BUGREPORT ""
| /* end confdefs.h.  */
| #include <ac_nonexistent.h>
configure:3573: checking for egrep
configure:3583: result: grep -E
configure:3588: checking for ANSI C header files
configure:3613: gcc -c  -g -O2 -pthread  -DLINUX=2 -D_REENTRANT -D_GNU_SOURCE conftest.c >&5
configure:3619: $? = 0
configure:3623: test -z 
			 || test ! -s conftest.err
configure:3626: $? = 0
configure:3629: test -s conftest.o
configure:3632: $? = 0
configure:3721: gcc -o conftest  -g -O2 -pthread  -DLINUX=2 -D_REENTRANT -D_GNU_SOURCE  conftest.c  >&5
conftest.c: In function 'main':
conftest.c:26: warning: incompatible implicit declaration of built-in function 'exit'
configure:3724: $? = 0
configure:3726: ./conftest
configure:3729: $? = 0
configure:3744: result: yes
configure:3768: checking for sys/types.h
configure:3784: gcc -c  -g -O2 -pthread  -DLINUX=2 -D_REENTRANT -D_GNU_SOURCE conftest.c >&5
configure:3790: $? = 0
configure:3794: test -z 
			 || test ! -s conftest.err
configure:3797: $? = 0
configure:3800: test -s conftest.o
configure:3803: $? = 0
configure:3814: result: yes
configure:3768: checking for sys/stat.h
configure:3784: gcc -c  -g -O2 -pthread  -DLINUX=2 -D_REENTRANT -D_GNU_SOURCE conftest.c >&5
configure:3790: $? = 0
configure:3794: test -z 
			 || test ! -s conftest.err
configure:3797: $? = 0
configure:3800: test -s conftest.o
configure:3803: $? = 0
configure:3814: result: yes
configure:3768: checking for stdlib.h
configure:3784: gcc -c  -g -O2 -pthread  -DLINUX=2 -D_REENTRANT -D_GNU_SOURCE conftest.c >&5
configure:3790: $? = 0
configure:3794: test -z 
			 || test ! -s conftest.err
configure:3797: $? = 0
configure:3800: test -s conftest.o
configure:3803: $? = 0
configure:3814: result: yes
configure:3768: checking for string.h
configure:3784: gcc -c  -g -O2 -pthread  -DLINUX=2 -D_REENTRANT -D_GNU_SOURCE conftest.c >&5
configure:3790: $? = 0
configure:3794: test -z 
			 || test ! -s conftest.err
configure:3797: $? = 0
configure:3800: test -s conftest.o
configure:3803: $? = 0
configure:3814: result: yes
configure:3768: checking for memory.h
configure:3784: gcc -c  -g -O2 -pthread  -DLINUX=2 -D_REENTRANT -D_GNU_SOURCE conftest.c >&5
configure:3790: $? = 0
configure:3794: test -z 
			 || test ! -s conftest.err
configure:3797: $? = 0
configure:3800: test -s conftest.o
configure:3803: $? = 0
configure:3814: result: yes
configure:3768: checking for strings.h
configure:3784: gcc -c  -g -O2 -pthread  -DLINUX=2 -D_REENTRANT -D_GNU_SOURCE conftest.c >&5
configure:3790: $? = 0
configure:3794: test -z 
			 || test ! -s conftest.err
configure:3797: $? = 0
configure:3800: test -s conftest.o
configure:3803: $? = 0
configure:3814: result: yes
configure:3768: checking for inttypes.h
configure:3784: gcc -c  -g -O2 -pthread  -DLINUX=2 -D_REENTRANT -D_GNU_SOURCE conftest.c >&5
configure:3790: $? = 0
configure:3794: test -z 
			 || test ! -s conftest.err
configure:3797: $? = 0
configure:3800: test -s conftest.o
configure:3803: $? = 0
configure:3814: result: yes
configure:3768: checking for stdint.h
configure:3784: gcc -c  -g -O2 -pthread  -DLINUX=2 -D_REENTRANT -D_GNU_SOURCE conftest.c >&5
configure:3790: $? = 0
configure:3794: test -z 
			 || test ! -s conftest.err
configure:3797: $? = 0
configure:3800: test -s conftest.o
configure:3803: $? = 0
configure:3814: result: yes
configure:3768: checking for unistd.h
configure:3784: gcc -c  -g -O2 -pthread  -DLINUX=2 -D_REENTRANT -D_GNU_SOURCE conftest.c >&5
configure:3790: $? = 0
configure:3794: test -z 
			 || test ! -s conftest.err
configure:3797: $? = 0
configure:3800: test -s conftest.o
configure:3803: $? = 0
configure:3814: result: yes
configure:32919: checking for default DBM
configure:32921: result: sdbm (default)
configure:34161: checking libpq-fe.h usability
configure:34173: gcc -c  -g -O2 -pthread  -DLINUX=2 -D_REENTRANT -D_GNU_SOURCE conftest.c >&5
conftest.c:53:22: error: libpq-fe.h: No such file or directory
configure:34179: $? = 1
configure: failed program was:
| /* confdefs.h.  */
| 
| #define PACKAGE_NAME ""
| #define PACKAGE_TARNAME ""
| #define PACKAGE_VERSION ""
| #define PACKAGE_STRING ""
| #define PACKAGE_BUGREPORT ""
| #define STDC_HEADERS 1
| #define HAVE_SYS_TYPES_H 1
| #define HAVE_SYS_STAT_H 1
| #define HAVE_STDLIB_H 1
| #define HAVE_STRING_H 1
| #define HAVE_MEMORY_H 1
| #define HAVE_STRINGS_H 1
| #define HAVE_INTTYPES_H 1
| #define HAVE_STDINT_H 1
| #define HAVE_UNISTD_H 1
| /* end confdefs.h.  */
| #include <stdio.h>
| #if HAVE_SYS_TYPES_H
| # include <sys/types.h>
| #endif
| #if HAVE_SYS_STAT_H
| # include <sys/stat.h>
| #endif
| #if STDC_HEADERS
| # include <stdlib.h>
| # include <stddef.h>
| #else
| # if HAVE_STDLIB_H
| #  include <stdlib.h>
| # endif
| #endif
| #if HAVE_STRING_H
| # if !STDC_HEADERS && HAVE_MEMORY_H
| #  include <memory.h>
| # endif
| # include <string.h>
| #endif
| #if HAVE_STRINGS_H
| # include <strings.h>
| #endif
| #if HAVE_INTTYPES_H
| # include <inttypes.h>
| #else
| # if HAVE_STDINT_H
| #  include <stdint.h>
| # endif
| #endif
| #if HAVE_UNISTD_H
| # include <unistd.h>
| #endif
| #include <libpq-fe.h>
configure:34202: result: no
configure:34206: checking libpq-fe.h presence
configure:34216: gcc -E  -DLINUX=2 -D_REENTRANT -D_GNU_SOURCE conftest.c
conftest.c:19:22: error: libpq-fe.h: No such file or directory
configure:34222: $? = 1
configure: failed program was:
| /* confdefs.h.  */
| 
| #define PACKAGE_NAME ""
| #define PACKAGE_TARNAME ""
| #define PACKAGE_VERSION ""
| #define PACKAGE_STRING ""
| #define PACKAGE_BUGREPORT ""
| #define STDC_HEADERS 1
| #define HAVE_SYS_TYPES_H 1
| #define HAVE_SYS_STAT_H 1
| #define HAVE_STDLIB_H 1
| #define HAVE_STRING_H 1
| #define HAVE_MEMORY_H 1
| #define HAVE_STRINGS_H 1
| #define HAVE_INTTYPES_H 1
| #define HAVE_STDINT_H 1
| #define HAVE_UNISTD_H 1
| /* end confdefs.h.  */
| #include <libpq-fe.h>
configure:34242: result: no
configure:34277: checking for libpq-fe.h
configure:34284: result: no
configure:34415: checking for dbd/apr_dbd_mysql.c
configure:34430: result: no
configure:36626: checking sqlite3.h usability
configure:36638: gcc -c  -g -O2 -pthread  -DLINUX=2 -D_REENTRANT -D_GNU_SOURCE conftest.c >&5
conftest.c:53:21: error: sqlite3.h: No such file or directory
configure:36644: $? = 1
configure: failed program was:
| /* confdefs.h.  */
| 
| #define PACKAGE_NAME ""
| #define PACKAGE_TARNAME ""
| #define PACKAGE_VERSION ""
| #define PACKAGE_STRING ""
| #define PACKAGE_BUGREPORT ""
| #define STDC_HEADERS 1
| #define HAVE_SYS_TYPES_H 1
| #define HAVE_SYS_STAT_H 1
| #define HAVE_STDLIB_H 1
| #define HAVE_STRING_H 1
| #define HAVE_MEMORY_H 1
| #define HAVE_STRINGS_H 1
| #define HAVE_INTTYPES_H 1
| #define HAVE_STDINT_H 1
| #define HAVE_UNISTD_H 1
| /* end confdefs.h.  */
| #include <stdio.h>
| #if HAVE_SYS_TYPES_H
| # include <sys/types.h>
| #endif
| #if HAVE_SYS_STAT_H
| # include <sys/stat.h>
| #endif
| #if STDC_HEADERS
| # include <stdlib.h>
| # include <stddef.h>
| #else
| # if HAVE_STDLIB_H
| #  include <stdlib.h>
| # endif
| #endif
| #if HAVE_STRING_H
| # if !STDC_HEADERS && HAVE_MEMORY_H
| #  include <memory.h>
| # endif
| # include <string.h>
| #endif
| #if HAVE_STRINGS_H
| # include <strings.h>
| #endif
| #if HAVE_INTTYPES_H
| # include <inttypes.h>
| #else
| # if HAVE_STDINT_H
| #  include <stdint.h>
| # endif
| #endif
| #if HAVE_UNISTD_H
| # include <unistd.h>
| #endif
| #include <sqlite3.h>
configure:36667: result: no
configure:36671: checking sqlite3.h presence
configure:36681: gcc -E  -DLINUX=2 -D_REENTRANT -D_GNU_SOURCE conftest.c
conftest.c:19:21: error: sqlite3.h: No such file or directory
configure:36687: $? = 1
configure: failed program was:
| /* confdefs.h.  */
| 
| #define PACKAGE_NAME ""
| #define PACKAGE_TARNAME ""
| #define PACKAGE_VERSION ""
| #define PACKAGE_STRING ""
| #define PACKAGE_BUGREPORT ""
| #define STDC_HEADERS 1
| #define HAVE_SYS_TYPES_H 1
| #define HAVE_SYS_STAT_H 1
| #define HAVE_STDLIB_H 1
| #define HAVE_STRING_H 1
| #define HAVE_MEMORY_H 1
| #define HAVE_STRINGS_H 1
| #define HAVE_INTTYPES_H 1
| #define HAVE_STDINT_H 1
| #define HAVE_UNISTD_H 1
| /* end confdefs.h.  */
| #include <sqlite3.h>
configure:36707: result: no
configure:36742: checking for sqlite3.h
configure:36749: result: no
configure:37443: checking sqlite.h usability
configure:37455: gcc -c  -g -O2 -pthread  -DLINUX=2 -D_REENTRANT -D_GNU_SOURCE conftest.c >&5
conftest.c:53:20: error: sqlite.h: No such file or directory
configure:37461: $? = 1
configure: failed program was:
| /* confdefs.h.  */
| 
| #define PACKAGE_NAME ""
| #define PACKAGE_TARNAME ""
| #define PACKAGE_VERSION ""
| #define PACKAGE_STRING ""
| #define PACKAGE_BUGREPORT ""
| #define STDC_HEADERS 1
| #define HAVE_SYS_TYPES_H 1
| #define HAVE_SYS_STAT_H 1
| #define HAVE_STDLIB_H 1
| #define HAVE_STRING_H 1
| #define HAVE_MEMORY_H 1
| #define HAVE_STRINGS_H 1
| #define HAVE_INTTYPES_H 1
| #define HAVE_STDINT_H 1
| #define HAVE_UNISTD_H 1
| /* end confdefs.h.  */
| #include <stdio.h>
| #if HAVE_SYS_TYPES_H
| # include <sys/types.h>
| #endif
| #if HAVE_SYS_STAT_H
| # include <sys/stat.h>
| #endif
| #if STDC_HEADERS
| # include <stdlib.h>
| # include <stddef.h>
| #else
| # if HAVE_STDLIB_H
| #  include <stdlib.h>
| # endif
| #endif
| #if HAVE_STRING_H
| # if !STDC_HEADERS && HAVE_MEMORY_H
| #  include <memory.h>
| # endif
| # include <string.h>
| #endif
| #if HAVE_STRINGS_H
| # include <strings.h>
| #endif
| #if HAVE_INTTYPES_H
| # include <inttypes.h>
| #else
| # if HAVE_STDINT_H
| #  include <stdint.h>
| # endif
| #endif
| #if HAVE_UNISTD_H
| # include <unistd.h>
| #endif
| #include <sqlite.h>
configure:37484: result: no
configure:37488: checking sqlite.h presence
configure:37498: gcc -E  -DLINUX=2 -D_REENTRANT -D_GNU_SOURCE conftest.c
conftest.c:19:20: error: sqlite.h: No such file or directory
configure:37504: $? = 1
configure: failed program was:
| /* confdefs.h.  */
| 
| #define PACKAGE_NAME ""
| #define PACKAGE_TARNAME ""
| #define PACKAGE_VERSION ""
| #define PACKAGE_STRING ""
| #define PACKAGE_BUGREPORT ""
| #define STDC_HEADERS 1
| #define HAVE_SYS_TYPES_H 1
| #define HAVE_SYS_STAT_H 1
| #define HAVE_STDLIB_H 1
| #define HAVE_STRING_H 1
| #define HAVE_MEMORY_H 1
| #define HAVE_STRINGS_H 1
| #define HAVE_INTTYPES_H 1
| #define HAVE_STDINT_H 1
| #define HAVE_UNISTD_H 1
| /* end confdefs.h.  */
| #include <sqlite.h>
configure:37524: result: no
configure:37559: checking for sqlite.h
configure:37566: result: no
configure:37874: checking for Expat in /usr
configure:37941: result: no
configure:37874: checking for Expat in /usr/local
configure:37941: result: no
configure:37874: checking for Expat in xml/expat-cvs
configure:37941: result: no
configure:37874: checking for Expat in xml/expat
configure:37938: result: yes
configure:38439: checking iconv.h usability
configure:38451: gcc -c  -g -O2 -pthread  -DLINUX=2 -D_REENTRANT -D_GNU_SOURCE conftest.c >&5
configure:38457: $? = 0
configure:38461: test -z 
			 || test ! -s conftest.err
configure:38464: $? = 0
configure:38467: test -s conftest.o
configure:38470: $? = 0
configure:38480: result: yes
configure:38484: checking iconv.h presence
configure:38494: gcc -E  -DLINUX=2 -D_REENTRANT -D_GNU_SOURCE conftest.c
configure:38500: $? = 0
configure:38520: result: yes
configure:38555: checking for iconv.h
configure:38562: result: yes
configure:38591: gcc -o conftest  -g -O2 -pthread  -DLINUX=2 -D_REENTRANT -D_GNU_SOURCE  conftest.c  >&5
configure:38597: $? = 0
configure:38601: test -z 
			 || test ! -s conftest.err
configure:38604: $? = 0
configure:38607: test -s conftest
configure:38610: $? = 0
configure:38867: checking for type of inbuf parameter to iconv
configure:38889: gcc -c  -g -O2 -pthread  -Werror  -DLINUX=2 -D_REENTRANT -D_GNU_SOURCE conftest.c >&5
configure:38895: $? = 0
configure:38899: test -z 
			 || test ! -s conftest.err
configure:38902: $? = 0
configure:38905: test -s conftest.o
configure:38908: $? = 0
configure:38931: result: char **
configure:38943: checking for iconv.h
configure:38948: result: yes
configure:38952: checking langinfo.h usability
configure:38964: gcc -c  -g -O2 -pthread  -DLINUX=2 -D_REENTRANT -D_GNU_SOURCE conftest.c >&5
configure:38970: $? = 0
configure:38974: test -z 
			 || test ! -s conftest.err
configure:38977: $? = 0
configure:38980: test -s conftest.o
configure:38983: $? = 0
configure:38993: result: yes
configure:38997: checking langinfo.h presence
configure:39007: gcc -E  -DLINUX=2 -D_REENTRANT -D_GNU_SOURCE conftest.c
configure:39013: $? = 0
configure:39033: result: yes
configure:39068: checking for langinfo.h
configure:39075: result: yes
configure:39104: checking for nl_langinfo
configure:39161: gcc -o conftest  -g -O2 -pthread  -DLINUX=2 -D_REENTRANT -D_GNU_SOURCE  conftest.c  >&5
configure:39167: $? = 0
configure:39171: test -z 
			 || test ! -s conftest.err
configure:39174: $? = 0
configure:39177: test -s conftest
configure:39180: $? = 0
configure:39192: result: yes
configure:39213: checking for CODESET in langinfo.h
configure:39242: result: yes
configure:39257: checking for library containing crypt
configure:39287: gcc -o conftest  -g -O2 -pthread  -DLINUX=2 -D_REENTRANT -D_GNU_SOURCE  conftest.c  >&5
/tmp/cca9LfSh.o: In function `main':
/home/akaedu/project/xinge-project/httpd/httpd-2.2.4/srclib/apr-util/conftest.c:34: undefined reference to `crypt'
collect2: ld returned 1 exit status
configure:39293: $? = 1
configure: failed program was:
| /* confdefs.h.  */
| 
| #define PACKAGE_NAME ""
| #define PACKAGE_TARNAME ""
| #define PACKAGE_VERSION ""
| #define PACKAGE_STRING ""
| #define PACKAGE_BUGREPORT ""
| #define STDC_HEADERS 1
| #define HAVE_SYS_TYPES_H 1
| #define HAVE_SYS_STAT_H 1
| #define HAVE_STDLIB_H 1
| #define HAVE_STRING_H 1
| #define HAVE_MEMORY_H 1
| #define HAVE_STRINGS_H 1
| #define HAVE_INTTYPES_H 1
| #define HAVE_STDINT_H 1
| #define HAVE_UNISTD_H 1
| #define HAVE_ICONV_H 1
| #define HAVE_LANGINFO_H 1
| #define HAVE_NL_LANGINFO 1
| #define HAVE_CODESET 1
| /* end confdefs.h.  */
| 
| /* Override any gcc2 internal prototype to avoid an error.  */
| #ifdef __cplusplus
| extern "C"
| #endif
| /* We use char because int might match the return type of a gcc2
|    builtin and then its argument prototype would still apply.  */
| char crypt ();
| int
| main ()
| {
| crypt ();
|   ;
|   return 0;
| }
configure:39342: gcc -o conftest  -g -O2 -pthread  -DLINUX=2 -D_REENTRANT -D_GNU_SOURCE  conftest.c -lcrypt   >&5
configure:39348: $? = 0
configure:39352: test -z 
			 || test ! -s conftest.err
configure:39355: $? = 0
configure:39358: test -s conftest
configure:39361: $? = 0
configure:39376: result: -lcrypt
configure:39383: checking if system crypt() function is threadsafe
configure:39395: result: no
configure:39402: checking for crypt_r
configure:39459: gcc -o conftest  -g -O2 -pthread  -DLINUX=2 -D_REENTRANT -D_GNU_SOURCE  conftest.c -lcrypt  >&5
configure:39465: $? = 0
configure:39469: test -z 
			 || test ! -s conftest.err
configure:39472: $? = 0
configure:39475: test -s conftest
configure:39478: $? = 0
configure:39490: result: yes
configure:39505: checking style of crypt_r
configure:39527: gcc -c  -g -O2 -pthread  -DLINUX=2 -D_REENTRANT -D_GNU_SOURCE conftest.c >&5
conftest.c: In function 'main':
conftest.c:28: error: 'CRYPTD' undeclared (first use in this function)
conftest.c:28: error: (Each undeclared identifier is reported only once
conftest.c:28: error: for each function it appears in.)
conftest.c:28: error: expected ';' before 'buffer'
conftest.c:29: error: 'buffer' undeclared (first use in this function)
configure:39533: $? = 1
configure: failed program was:
| /* confdefs.h.  */
| 
| #define PACKAGE_NAME ""
| #define PACKAGE_TARNAME ""
| #define PACKAGE_VERSION ""
| #define PACKAGE_STRING ""
| #define PACKAGE_BUGREPORT ""
| #define STDC_HEADERS 1
| #define HAVE_SYS_TYPES_H 1
| #define HAVE_SYS_STAT_H 1
| #define HAVE_STDLIB_H 1
| #define HAVE_STRING_H 1
| #define HAVE_MEMORY_H 1
| #define HAVE_STRINGS_H 1
| #define HAVE_INTTYPES_H 1
| #define HAVE_STDINT_H 1
| #define HAVE_UNISTD_H 1
| #define HAVE_ICONV_H 1
| #define HAVE_LANGINFO_H 1
| #define HAVE_NL_LANGINFO 1
| #define HAVE_CODESET 1
| #define HAVE_CRYPT_R 1
| /* end confdefs.h.  */
| #include <crypt.h>
| int
| main ()
| {
| CRYPTD buffer;
|   crypt_r("passwd", "hash", &buffer);
|   ;
|   return 0;
| }
configure:39570: gcc -c  -g -O2 -pthread  -DLINUX=2 -D_REENTRANT -D_GNU_SOURCE conftest.c >&5
configure:39576: $? = 0
configure:39580: test -z 
			 || test ! -s conftest.err
configure:39583: $? = 0
configure:39586: test -s conftest.o
configure:39589: $? = 0
configure:39602: result: struct_crypt_data
configure:39792: creating ./config.status

## ---------------------- ##
## Running config.status. ##
## ---------------------- ##

This file was extended by config.status, which was
generated by GNU Autoconf 2.59.  Invocation command line was

  CONFIG_FILES    = 
  CONFIG_HEADERS  = 
  CONFIG_LINKS    = 
  CONFIG_COMMANDS = 
  $ ./config.status 

on akaedu-desktop

config.status:742: creating Makefile
config.status:742: creating export_vars.sh
config.status:742: creating build/pkg/pkginfo
config.status:742: creating apr-util.pc
config.status:742: creating apu-1-config
config.status:742: creating include/private/apu_select_dbm.h
config.status:742: creating include/apr_ldap.h
config.status:742: creating include/apu.h
config.status:742: creating include/apu_want.h
config.status:742: creating test/Makefile
config.status:839: creating include/private/apu_config.h
config.status:1111: executing default commands

## ---------------- ##
## Cache variables. ##
## ---------------- ##

ac_cv_build=i686-pc-linux-gnu
ac_cv_build_alias=i686-pc-linux-gnu
ac_cv_c_compiler_gnu=yes
ac_cv_define_CODESET=yes
ac_cv_env_CC_set=
ac_cv_env_CC_value=
ac_cv_env_CFLAGS_set=
ac_cv_env_CFLAGS_value=
ac_cv_env_CPPFLAGS_set=
ac_cv_env_CPPFLAGS_value=
ac_cv_env_CPP_set=
ac_cv_env_CPP_value=
ac_cv_env_LDFLAGS_set=
ac_cv_env_LDFLAGS_value=
ac_cv_env_build_alias_set=
ac_cv_env_build_alias_value=
ac_cv_env_host_alias_set=
ac_cv_env_host_alias_value=
ac_cv_env_target_alias_set=
ac_cv_env_target_alias_value=
ac_cv_exeext=
ac_cv_file_dbd_apr_dbd_mysql_c=no
ac_cv_func_crypt_r=yes
ac_cv_func_nl_langinfo=yes
ac_cv_header_iconv_h=yes
ac_cv_header_inttypes_h=yes
ac_cv_header_langinfo_h=yes
ac_cv_header_libpq_fe_h=no
ac_cv_header_memory_h=yes
ac_cv_header_sqlite3_h=no
ac_cv_header_sqlite_h=no
ac_cv_header_stdc=yes
ac_cv_header_stdint_h=yes
ac_cv_header_stdlib_h=yes
ac_cv_header_string_h=yes
ac_cv_header_strings_h=yes
ac_cv_header_sys_stat_h=yes
ac_cv_header_sys_types_h=yes
ac_cv_header_unistd_h=yes
ac_cv_host=i686-pc-linux-gnu
ac_cv_host_alias=i686-pc-linux-gnu
ac_cv_mkdir_p=yes
ac_cv_objext=o
ac_cv_path_install='/usr/bin/install -c'
ac_cv_prog_CPP='gcc -E'
ac_cv_prog_ac_ct_CC=gcc
ac_cv_prog_cc_g=yes
ac_cv_prog_cc_stdc=
ac_cv_prog_egrep='grep -E'
ac_cv_search_crypt=-lcrypt
ac_cv_target=i686-pc-linux-gnu
ac_cv_target_alias=i686-pc-linux-gnu
apr_cv_crypt_r_style=struct_crypt_data

## ----------------- ##
## Output variables. ##
## ----------------- ##

APRUTIL_DOTTED_VERSION='1.2.8'
APRUTIL_EXPORT_LIBS='/home/akaedu/project/xinge-project/httpd/httpd-2.2.4/srclib/apr-util/xml/expat/lib/libexpat.la'
APRUTIL_INCLUDES='-I/home/akaedu/project/xinge-project/httpd/httpd-2.2.4/srclib/apr-util/xml/expat/lib'
APRUTIL_LDFLAGS='-L/home/akaedu/project/xinge-project/httpd/httpd-2.2.4/srclib/apr-util/xml/expat/lib'
APRUTIL_LIBNAME='aprutil-${APRUTIL_MAJOR_VERSION}'
APRUTIL_LIBS='/home/akaedu/project/xinge-project/httpd/httpd-2.2.4/srclib/apr-util/xml/expat/lib/libexpat.la /home/akaedu/project/xinge-project/httpd/httpd-2.2.4/srclib/apr/libapr-1.la -lrt -lcrypt -lpthread -ldl'
APRUTIL_MAJOR_VERSION='1'
APRUTIL_PRIV_INCLUDES='-I/home/akaedu/project/xinge-project/httpd/httpd-2.2.4/srclib/apr-util/include -I/home/akaedu/project/xinge-project/httpd/httpd-2.2.4/srclib/apr-util/include/private'
APR_BUILD_DIR='/home/akaedu/project/xinge-project/httpd/httpd-2.2.4/srclib/apr/build'
APR_ICONV_DIR=''
APR_INCLUDES=' -I/home/akaedu/project/xinge-project/httpd/httpd-2.2.4/srclib/apr/include '
APR_LIBS=' /home/akaedu/project/xinge-project/httpd/httpd-2.2.4/srclib/apr/libapr-1.la -lrt -lcrypt  -lpthread -ldl'
APR_XML_DIR='xml/expat'
APR_XML_EXPAT_OLD=''
APR_XML_SUBDIRS='expat'
APU_CONFIG_LOCATION='source'
CC='gcc'
CFLAGS=' -g -O2 -pthread'
CPP='gcc -E'
CPPFLAGS=' -DLINUX=2 -D_REENTRANT -D_GNU_SOURCE'
DEFS='-DHAVE_CONFIG_H'
ECHO_C=''
ECHO_N='-n'
ECHO_T=''
EGREP='grep -E'
EXEEXT=''
INCLUDE_OUTPUTS='include /home/akaedu/project/xinge-project/httpd/httpd-2.2.4/srclib/apr-util/build-outputs.mk'
INCLUDE_RULES='include /home/akaedu/project/xinge-project/httpd/httpd-2.2.4/srclib/apr-util/build/rules.mk'
INSTALL_DATA='${INSTALL} -m 644'
INSTALL_PROGRAM='${INSTALL}'
INSTALL_SCRIPT='${INSTALL}'
LDFLAGS=''
LIBOBJS=''
LIBS='-lcrypt '
LTLIBOBJS=''
MYSQL_CONFIG=''
OBJEXT='o'
PACKAGE_BUGREPORT=''
PACKAGE_NAME=''
PACKAGE_STRING=''
PACKAGE_TARNAME=''
PACKAGE_VERSION=''
PATH_SEPARATOR=':'
SHELL='/bin/bash'
abs_builddir='/home/akaedu/project/xinge-project/httpd/httpd-2.2.4/srclib/apr-util'
abs_srcdir='/home/akaedu/project/xinge-project/httpd/httpd-2.2.4/srclib/apr-util'
ac_ct_CC='gcc'
apu_db_header='db.h'
apu_db_version='0'
apu_has_ldap='0'
apu_has_ldap_microsoft='0'
apu_has_ldap_mozilla='0'
apu_has_ldap_netscape='0'
apu_has_ldap_novell='0'
apu_has_ldap_openldap='0'
apu_has_ldap_other='0'
apu_has_ldap_solaris='0'
apu_has_ldap_sslinit='0'
apu_has_ldap_start_tls_s='0'
apu_has_ldapssl_add_trusted_cert='0'
apu_has_ldapssl_client_deinit='0'
apu_has_ldapssl_client_init='0'
apu_has_ldapssl_init='0'
apu_has_ldapssl_install_routines='0'
apu_have_db='0'
apu_have_gdbm='0'
apu_have_mysql='0'
apu_have_ndbm='0'
apu_have_pgsql='0'
apu_have_sdbm='1'
apu_have_sqlite2='0'
apu_have_sqlite3='0'
apu_use_db='0'
apu_use_gdbm='0'
apu_use_ndbm='0'
apu_use_sdbm='1'
bindir='${prefix}/bin'
build='i686-pc-linux-gnu'
build_alias=''
build_cpu='i686'
build_os='linux-gnu'
build_vendor='pc'
datadir='${prefix}'
exec_prefix='/var/httpd'
have_apr_iconv='0'
have_iconv='1'
host='i686-pc-linux-gnu'
host_alias=''
host_cpu='i686'
host_os='linux-gnu'
host_vendor='pc'
includedir='/var/httpd/include'
infodir='${prefix}/info'
lber_h=''
ldap_h=''
ldap_ssl_h=''
lib_target='-rpath $(libdir) $(OBJECTS)'
libdir='${prefix}/lib'
libexecdir='${exec_prefix}/modules'
localstatedir='${prefix}'
mandir='${prefix}/man'
oldincludedir='/usr/include'
prefix='/var/httpd'
program_transform_name='s,x,x,'
sbindir='${exec_prefix}/bin'
sharedstatedir='${prefix}/com'
so_ext='lo'
sysconfdir='${prefix}/conf'
target='i686-pc-linux-gnu'
target_alias=''
target_cpu='i686'
target_os='linux-gnu'
target_vendor='pc'
top_builddir='/home/akaedu/project/xinge-project/httpd/httpd-2.2.4/srclib/apr-util'

## ----------- ##
## confdefs.h. ##
## ----------- ##

#define CRYPT_R_STRUCT_CRYPT_DATA 1
#define HAVE_CODESET 1
#define HAVE_CRYPT_R 1
#define HAVE_ICONV_H 1
#define HAVE_INTTYPES_H 1
#define HAVE_LANGINFO_H 1
#define HAVE_MEMORY_H 1
#define HAVE_NL_LANGINFO 1
#define HAVE_STDINT_H 1
#define HAVE_STDLIB_H 1
#define HAVE_STRINGS_H 1
#define HAVE_STRING_H 1
#define HAVE_SYS_STAT_H 1
#define HAVE_SYS_TYPES_H 1
#define HAVE_UNISTD_H 1
#define PACKAGE_BUGREPORT ""
#define PACKAGE_NAME ""
#define PACKAGE_STRING ""
#define PACKAGE_TARNAME ""
#define PACKAGE_VERSION ""
#define STDC_HEADERS 1

configure: exit 0
