This file contains any messages produced by compilers while
running configure, to aid debugging if configure makes a mistake.

It was created by configure, which was
generated by GNU Autoconf 2.59.  Invocation command line was

  $ /home/akaedu/project/xinge-project/httpd/httpd-2.2.4/srclib/pcre/configure -prefix=/var/httpd --cache-file=/dev/null --srcdir=/home/akaedu/project/xinge-project/httpd/httpd-2.2.4/srclib/pcre --prefix=/var/httpd --exec-prefix=/var/httpd --libdir=${prefix}/lib --includedir=/var/httpd/include --bindir=${prefix}/bin

## --------- ##
## Platform. ##
## --------- ##

hostname = akaedu-desktop
uname -m = i686
uname -r = 2.6.32-33-generic-pae
uname -s = Linux
uname -v = #70-Ubuntu SMP Thu Jul 7 22:51:12 UTC 2011

/usr/bin/uname -p = unknown
/bin/uname -X     = unknown

/bin/arch              = unknown
/usr/bin/arch -k       = unknown
/usr/convex/getsysinfo = unknown
hostinfo               = unknown
/bin/machine           = unknown
/usr/bin/oslevel       = unknown
/bin/universe          = unknown

PATH: /usr/local/sbin
PATH: /usr/local/bin
PATH: /usr/sbin
PATH: /usr/bin
PATH: /sbin
PATH: /bin
PATH: /usr/X11R6/bin


## ----------- ##
## Core tests. ##
## ----------- ##

configure:1372: checking for gcc
configure:1398: result: gcc
configure:1642: checking for C compiler version
configure:1645: gcc --version </dev/null >&5
gcc (Ubuntu 4.4.3-4ubuntu5) 4.4.3
Copyright (C) 2009 Free Software Foundation, Inc.
This is free software; see the source for copying conditions.  There is NO
warranty; not even for MERCHANTABILITY or FITNESS FOR A PARTICULAR PURPOSE.

configure:1648: $? = 0
configure:1650: gcc -v </dev/null >&5
Using built-in specs.
Target: i486-linux-gnu
Configured with: ../src/configure -v --with-pkgversion='Ubuntu 4.4.3-4ubuntu5' --with-bugurl=file:///usr/share/doc/gcc-4.4/README.Bugs --enable-languages=c,c++,fortran,objc,obj-c++ --prefix=/usr --enable-shared --enable-multiarch --enable-linker-build-id --with-system-zlib --libexecdir=/usr/lib --without-included-gettext --enable-threads=posix --with-gxx-include-dir=/usr/include/c++/4.4 --program-suffix=-4.4 --enable-nls --enable-clocale=gnu --enable-libstdcxx-debug --enable-plugin --enable-objc-gc --enable-targets=all --disable-werror --with-arch-32=i486 --with-tune=generic --enable-checking=release --build=i486-linux-gnu --host=i486-linux-gnu --target=i486-linux-gnu
Thread model: posix
gcc version 4.4.3 (Ubuntu 4.4.3-4ubuntu5) 
configure:1653: $? = 0
configure:1655: gcc -V </dev/null >&5
gcc: '-V' option must have argument
configure:1658: $? = 1
configure:1681: checking for C compiler default output file name
configure:1684: gcc    conftest.c  >&5
configure:1687: $? = 0
configure:1733: result: a.out
configure:1738: checking whether the C compiler works
configure:1744: ./a.out
configure:1747: $? = 0
configure:1764: result: yes
configure:1771: checking whether we are cross compiling
configure:1773: result: no
configure:1776: checking for suffix of executables
configure:1778: gcc -o conftest    conftest.c  >&5
configure:1781: $? = 0
configure:1806: result: 
configure:1812: checking for suffix of object files
configure:1833: gcc -c   conftest.c >&5
configure:1836: $? = 0
configure:1858: result: o
configure:1862: checking whether we are using the GNU C compiler
configure:1886: gcc -c   conftest.c >&5
configure:1892: $? = 0
configure:1896: test -z 
			 || test ! -s conftest.err
configure:1899: $? = 0
configure:1902: test -s conftest.o
configure:1905: $? = 0
configure:1918: result: yes
configure:1924: checking whether gcc accepts -g
configure:1945: gcc -c -g  conftest.c >&5
configure:1951: $? = 0
configure:1955: test -z 
			 || test ! -s conftest.err
configure:1958: $? = 0
configure:1961: test -s conftest.o
configure:1964: $? = 0
configure:1975: result: yes
configure:1992: checking for gcc option to accept ANSI C
configure:2062: gcc  -c -g -O2  conftest.c >&5
configure:2068: $? = 0
configure:2072: test -z 
			 || test ! -s conftest.err
configure:2075: $? = 0
configure:2078: test -s conftest.o
configure:2081: $? = 0
configure:2099: result: none needed
configure:2117: gcc -c -g -O2  conftest.c >&5
conftest.c:2: error: expected '=', ',', ';', 'asm' or '__attribute__' before 'me'
configure:2123: $? = 1
configure: failed program was:
| #ifndef __cplusplus
|   choke me
| #endif
configure:2264: checking how to run the C preprocessor
configure:2382: result: gcc -E
configure:2406: gcc -E  conftest.c
configure:2412: $? = 0
configure:2444: gcc -E  conftest.c
conftest.c:9:28: error: ac_nonexistent.h: No such file or directory
configure:2450: $? = 1
configure: failed program was:
| /* confdefs.h.  */
| 
| #define PACKAGE_NAME ""
| #define PACKAGE_TARNAME ""
| #define PACKAGE_VERSION ""
| #define PACKAGE_STRING ""
| #define PACKAGE_BUGREPORT ""
| /* end confdefs.h.  */
| #include <ac_nonexistent.h>
configure:2494: checking for egrep
configure:2504: result: grep -E
configure:2509: checking for ANSI C header files
configure:2534: gcc -c -g -O2  conftest.c >&5
configure:2540: $? = 0
configure:2544: test -z 
			 || test ! -s conftest.err
configure:2547: $? = 0
configure:2550: test -s conftest.o
configure:2553: $? = 0
configure:2642: gcc -o conftest -g -O2   conftest.c  >&5
conftest.c: In function 'main':
conftest.c:26: warning: incompatible implicit declaration of built-in function 'exit'
configure:2645: $? = 0
configure:2647: ./conftest
configure:2650: $? = 0
configure:2665: result: yes
configure:2689: checking for sys/types.h
configure:2705: gcc -c -g -O2  conftest.c >&5
configure:2711: $? = 0
configure:2715: test -z 
			 || test ! -s conftest.err
configure:2718: $? = 0
configure:2721: test -s conftest.o
configure:2724: $? = 0
configure:2735: result: yes
configure:2689: checking for sys/stat.h
configure:2705: gcc -c -g -O2  conftest.c >&5
configure:2711: $? = 0
configure:2715: test -z 
			 || test ! -s conftest.err
configure:2718: $? = 0
configure:2721: test -s conftest.o
configure:2724: $? = 0
configure:2735: result: yes
configure:2689: checking for stdlib.h
configure:2705: gcc -c -g -O2  conftest.c >&5
configure:2711: $? = 0
configure:2715: test -z 
			 || test ! -s conftest.err
configure:2718: $? = 0
configure:2721: test -s conftest.o
configure:2724: $? = 0
configure:2735: result: yes
configure:2689: checking for string.h
configure:2705: gcc -c -g -O2  conftest.c >&5
configure:2711: $? = 0
configure:2715: test -z 
			 || test ! -s conftest.err
configure:2718: $? = 0
configure:2721: test -s conftest.o
configure:2724: $? = 0
configure:2735: result: yes
configure:2689: checking for memory.h
configure:2705: gcc -c -g -O2  conftest.c >&5
configure:2711: $? = 0
configure:2715: test -z 
			 || test ! -s conftest.err
configure:2718: $? = 0
configure:2721: test -s conftest.o
configure:2724: $? = 0
configure:2735: result: yes
configure:2689: checking for strings.h
configure:2705: gcc -c -g -O2  conftest.c >&5
configure:2711: $? = 0
configure:2715: test -z 
			 || test ! -s conftest.err
configure:2718: $? = 0
configure:2721: test -s conftest.o
configure:2724: $? = 0
configure:2735: result: yes
configure:2689: checking for inttypes.h
configure:2705: gcc -c -g -O2  conftest.c >&5
configure:2711: $? = 0
configure:2715: test -z 
			 || test ! -s conftest.err
configure:2718: $? = 0
configure:2721: test -s conftest.o
configure:2724: $? = 0
configure:2735: result: yes
configure:2689: checking for stdint.h
configure:2705: gcc -c -g -O2  conftest.c >&5
configure:2711: $? = 0
configure:2715: test -z 
			 || test ! -s conftest.err
configure:2718: $? = 0
configure:2721: test -s conftest.o
configure:2724: $? = 0
configure:2735: result: yes
configure:2689: checking for unistd.h
configure:2705: gcc -c -g -O2  conftest.c >&5
configure:2711: $? = 0
configure:2715: test -z 
			 || test ! -s conftest.err
configure:2718: $? = 0
configure:2721: test -s conftest.o
configure:2724: $? = 0
configure:2735: result: yes
configure:2761: checking limits.h usability
configure:2773: gcc -c -g -O2  conftest.c >&5
configure:2779: $? = 0
configure:2783: test -z 
			 || test ! -s conftest.err
configure:2786: $? = 0
configure:2789: test -s conftest.o
configure:2792: $? = 0
configure:2802: result: yes
configure:2806: checking limits.h presence
configure:2816: gcc -E  conftest.c
configure:2822: $? = 0
configure:2842: result: yes
configure:2877: checking for limits.h
configure:2884: result: yes
configure:2899: checking for an ANSI C-conforming const
configure:2966: gcc -c -g -O2  conftest.c >&5
configure:2972: $? = 0
configure:2976: test -z 
			 || test ! -s conftest.err
configure:2979: $? = 0
configure:2982: test -s conftest.o
configure:2985: $? = 0
configure:2996: result: yes
configure:3006: checking for size_t
configure:3030: gcc -c -g -O2  conftest.c >&5
configure:3036: $? = 0
configure:3040: test -z 
			 || test ! -s conftest.err
configure:3043: $? = 0
configure:3046: test -s conftest.o
configure:3049: $? = 0
configure:3060: result: yes
configure:3080: checking for bcopy
configure:3137: gcc -o conftest -g -O2   conftest.c  >&5
conftest.c:44: warning: conflicting types for built-in function 'bcopy'
configure:3143: $? = 0
configure:3147: test -z 
			 || test ! -s conftest.err
configure:3150: $? = 0
configure:3153: test -s conftest
configure:3156: $? = 0
configure:3168: result: yes
configure:3080: checking for memmove
configure:3137: gcc -o conftest -g -O2   conftest.c  >&5
conftest.c:45: warning: conflicting types for built-in function 'memmove'
configure:3143: $? = 0
configure:3147: test -z 
			 || test ! -s conftest.err
configure:3150: $? = 0
configure:3153: test -s conftest
configure:3156: $? = 0
configure:3168: result: yes
configure:3080: checking for strerror
configure:3137: gcc -o conftest -g -O2   conftest.c  >&5
configure:3143: $? = 0
configure:3147: test -z 
			 || test ! -s conftest.err
configure:3150: $? = 0
configure:3153: test -s conftest
configure:3156: $? = 0
configure:3168: result: yes
configure:3415: creating ./config.status

## ---------------------- ##
## Running config.status. ##
## ---------------------- ##

This file was extended by config.status, which was
generated by GNU Autoconf 2.59.  Invocation command line was

  CONFIG_FILES    = 
  CONFIG_HEADERS  = 
  CONFIG_LINKS    = 
  CONFIG_COMMANDS = 
  $ ./config.status 

on akaedu-desktop

config.status:671: creating Makefile
config.status:671: creating pcre.h
config.status:671: creating pcre-config
config.status:767: creating config.h
config.status:1035: executing default commands

## ---------------- ##
## Cache variables. ##
## ---------------- ##

ac_cv_c_compiler_gnu=yes
ac_cv_c_const=yes
ac_cv_env_CC_set=set
ac_cv_env_CC_value=gcc
ac_cv_env_CFLAGS_set=
ac_cv_env_CFLAGS_value=
ac_cv_env_CPPFLAGS_set=
ac_cv_env_CPPFLAGS_value=
ac_cv_env_CPP_set=set
ac_cv_env_CPP_value='gcc -E'
ac_cv_env_LDFLAGS_set=
ac_cv_env_LDFLAGS_value=
ac_cv_env_build_alias_set=
ac_cv_env_build_alias_value=
ac_cv_env_host_alias_set=
ac_cv_env_host_alias_value=
ac_cv_env_target_alias_set=
ac_cv_env_target_alias_value=
ac_cv_exeext=
ac_cv_func_bcopy=yes
ac_cv_func_memmove=yes
ac_cv_func_strerror=yes
ac_cv_header_inttypes_h=yes
ac_cv_header_limits_h=yes
ac_cv_header_memory_h=yes
ac_cv_header_stdc=yes
ac_cv_header_stdint_h=yes
ac_cv_header_stdlib_h=yes
ac_cv_header_string_h=yes
ac_cv_header_strings_h=yes
ac_cv_header_sys_stat_h=yes
ac_cv_header_sys_types_h=yes
ac_cv_header_unistd_h=yes
ac_cv_objext=o
ac_cv_prog_CPP='gcc -E'
ac_cv_prog_ac_ct_CC=gcc
ac_cv_prog_cc_g=yes
ac_cv_prog_cc_stdc=
ac_cv_prog_egrep='grep -E'
ac_cv_type_size_t=yes

## ----------------- ##
## Output variables. ##
## ----------------- ##

BUILD_EXEEXT=''
BUILD_OBJEXT=''
CC='gcc'
CC_FOR_BUILD=''
CFLAGS='-g -O2'
CFLAGS_FOR_BUILD=''
CPP='gcc -E'
CPPFLAGS=''
DEFS='-DHAVE_CONFIG_H'
EBCDIC=''
ECHO_C=''
ECHO_N='-n'
ECHO_T=''
EGREP='grep -E'
EXEEXT=''
HAVE_MEMMOVE=''
HAVE_STRERROR=''
LDFLAGS=''
LIBOBJS=''
LIBS=''
LIBSUFFIX='la'
LIBTOOL='./libtool'
LINK_SIZE=''
LTLIBOBJS=''
MATCH_LIMIT=''
NEWLINE=''
NO_RECURSE=''
OBJEXT='o'
PACKAGE_BUGREPORT=''
PACKAGE_NAME=''
PACKAGE_STRING=''
PACKAGE_TARNAME=''
PACKAGE_VERSION=''
PATH_SEPARATOR=':'
PCRE_DATE='13-Sep-2004'
PCRE_LIB_VERSION='0:1:0'
PCRE_MAJOR='5'
PCRE_MINOR='0'
PCRE_POSIXLIB_VERSION='0:0:0'
PCRE_VERSION='5.0'
POSIX_MALLOC_THRESHOLD='-DPOSIX_MALLOC_THRESHOLD=10'
SHELL='/bin/bash'
UCP=''
UTF8=''
ac_ct_CC='gcc'
bindir='${prefix}/bin'
build_alias=''
datadir='${prefix}/share'
exec_prefix='/var/httpd'
host_alias=''
includedir='/var/httpd/include'
infodir='${prefix}/info'
libdir='${prefix}/lib'
libexecdir='${exec_prefix}/libexec'
localstatedir='${prefix}/var'
mandir='${prefix}/man'
oldincludedir='/usr/include'
prefix='/var/httpd'
program_transform_name='s,x,x,'
sbindir='${exec_prefix}/sbin'
sharedstatedir='${prefix}/com'
sysconfdir='${prefix}/etc'
target_alias=''

## ----------- ##
## confdefs.h. ##
## ----------- ##

#define HAVE_BCOPY 1
#define HAVE_INTTYPES_H 1
#define HAVE_LIMITS_H 1
#define HAVE_MEMMOVE 1
#define HAVE_MEMORY_H 1
#define HAVE_STDINT_H 1
#define HAVE_STDLIB_H 1
#define HAVE_STRERROR 1
#define HAVE_STRINGS_H 1
#define HAVE_STRING_H 1
#define HAVE_SYS_STAT_H 1
#define HAVE_SYS_TYPES_H 1
#define HAVE_UNISTD_H 1
#define PACKAGE_BUGREPORT ""
#define PACKAGE_NAME ""
#define PACKAGE_STRING ""
#define PACKAGE_TARNAME ""
#define PACKAGE_VERSION ""
#define STDC_HEADERS 1

configure: exit 0
