This file contains any messages produced by compilers while
running configure, to aid debugging if configure makes a mistake.

It was created by configure, which was
generated by GNU Autoconf 2.59.  Invocation command line was

  $ /home/akaedu/project/xinge-project/httpd/httpd-2.2.4/srclib/apr-util/xml/expat/configure -prefix=/var/httpd --cache-file=/dev/null --srcdir=/home/akaedu/project/xinge-project/httpd/httpd-2.2.4/srclib/apr-util --with-apr=../apr --prefix=/var/httpd --exec-prefix=/var/httpd --libdir=${prefix}/lib --includedir=/var/httpd/include --bindir=${prefix}/bin --cache-file=/dev/null --srcdir=/home/akaedu/project/xinge-project/httpd/httpd-2.2.4/srclib/apr-util/xml/expat --prefix=/var/httpd --exec-prefix=/var/httpd --libdir=/var/httpd/lib --includedir=/var/httpd/include --bindir=/var/httpd/bin

## --------- ##
## Platform. ##
## --------- ##

hostname = akaedu-desktop
uname -m = i686
uname -r = 2.6.32-33-generic-pae
uname -s = Linux
uname -v = #70-Ubuntu SMP Thu Jul 7 22:51:12 UTC 2011

/usr/bin/uname -p = unknown
/bin/uname -X     = unknown

/bin/arch              = unknown
/usr/bin/arch -k       = unknown
/usr/convex/getsysinfo = unknown
hostinfo               = unknown
/bin/machine           = unknown
/usr/bin/oslevel       = unknown
/bin/universe          = unknown

PATH: /usr/local/sbin
PATH: /usr/local/bin
PATH: /usr/sbin
PATH: /usr/bin
PATH: /sbin
PATH: /bin
PATH: /usr/X11R6/bin


## ----------- ##
## Core tests. ##
## ----------- ##

configure:1540: checking build system type
configure:1558: result: i686-pc-linux-gnu
configure:1566: checking host system type
configure:1580: result: i686-pc-linux-gnu
configure:1588: checking target system type
configure:1602: result: i686-pc-linux-gnu
configure:1743: checking for gcc
configure:1759: found /usr/bin/gcc
configure:1769: result: gcc
configure:2013: checking for C compiler version
configure:2016: gcc --version </dev/null >&5
gcc (Ubuntu 4.4.3-4ubuntu5) 4.4.3
Copyright (C) 2009 Free Software Foundation, Inc.
This is free software; see the source for copying conditions.  There is NO
warranty; not even for MERCHANTABILITY or FITNESS FOR A PARTICULAR PURPOSE.

configure:2019: $? = 0
configure:2021: gcc -v </dev/null >&5
Using built-in specs.
Target: i486-linux-gnu
Configured with: ../src/configure -v --with-pkgversion='Ubuntu 4.4.3-4ubuntu5' --with-bugurl=file:///usr/share/doc/gcc-4.4/README.Bugs --enable-languages=c,c++,fortran,objc,obj-c++ --prefix=/usr --enable-shared --enable-multiarch --enable-linker-build-id --with-system-zlib --libexecdir=/usr/lib --without-included-gettext --enable-threads=posix --with-gxx-include-dir=/usr/include/c++/4.4 --program-suffix=-4.4 --enable-nls --enable-clocale=gnu --enable-libstdcxx-debug --enable-plugin --enable-objc-gc --enable-targets=all --disable-werror --with-arch-32=i486 --with-tune=generic --enable-checking=release --build=i486-linux-gnu --host=i486-linux-gnu --target=i486-linux-gnu
Thread model: posix
gcc version 4.4.3 (Ubuntu 4.4.3-4ubuntu5) 
configure:2024: $? = 0
configure:2026: gcc -V </dev/null >&5
gcc: '-V' option must have argument
configure:2029: $? = 1
configure:2052: checking for C compiler default output file name
configure:2055: gcc    conftest.c  >&5
configure:2058: $? = 0
configure:2104: result: a.out
configure:2109: checking whether the C compiler works
configure:2115: ./a.out
configure:2118: $? = 0
configure:2135: result: yes
configure:2142: checking whether we are cross compiling
configure:2144: result: no
configure:2147: checking for suffix of executables
configure:2149: gcc -o conftest    conftest.c  >&5
configure:2152: $? = 0
configure:2177: result: 
configure:2183: checking for suffix of object files
configure:2204: gcc -c   conftest.c >&5
configure:2207: $? = 0
configure:2229: result: o
configure:2233: checking whether we are using the GNU C compiler
configure:2257: gcc -c   conftest.c >&5
configure:2263: $? = 0
configure:2267: test -z 
			 || test ! -s conftest.err
configure:2270: $? = 0
configure:2273: test -s conftest.o
configure:2276: $? = 0
configure:2289: result: yes
configure:2295: checking whether gcc accepts -g
configure:2316: gcc -c -g  conftest.c >&5
configure:2322: $? = 0
configure:2326: test -z 
			 || test ! -s conftest.err
configure:2329: $? = 0
configure:2332: test -s conftest.o
configure:2335: $? = 0
configure:2346: result: yes
configure:2363: checking for gcc option to accept ANSI C
configure:2433: gcc  -c -g -O2  conftest.c >&5
configure:2439: $? = 0
configure:2443: test -z 
			 || test ! -s conftest.err
configure:2446: $? = 0
configure:2449: test -s conftest.o
configure:2452: $? = 0
configure:2470: result: none needed
configure:2488: gcc -c -g -O2  conftest.c >&5
conftest.c:2: error: expected '=', ',', ';', 'asm' or '__attribute__' before 'me'
configure:2494: $? = 1
configure: failed program was:
| #ifndef __cplusplus
|   choke me
| #endif
configure:2627: checking for a sed that does not truncate output
configure:2681: result: /bin/sed
configure:2684: checking for egrep
configure:2694: result: grep -E
configure:2710: checking for ld used by gcc
configure:2777: result: /usr/bin/ld
configure:2786: checking if the linker (/usr/bin/ld) is GNU ld
configure:2801: result: yes
configure:2806: checking for /usr/bin/ld option to reload object files
configure:2813: result: -r
configure:2831: checking for BSD-compatible nm
configure:2873: result: /usr/bin/nm -B
configure:2877: checking whether ln -s works
configure:2881: result: yes
configure:2888: checking how to recognise dependent libraries
configure:3060: result: pass_all
configure:3516: checking how to run the C preprocessor
configure:3551: gcc -E  conftest.c
configure:3557: $? = 0
configure:3589: gcc -E  conftest.c
conftest.c:9:28: error: ac_nonexistent.h: No such file or directory
configure:3595: $? = 1
configure: failed program was:
| /* confdefs.h.  */
| 
| #define PACKAGE_NAME ""
| #define PACKAGE_TARNAME ""
| #define PACKAGE_VERSION ""
| #define PACKAGE_STRING ""
| #define PACKAGE_BUGREPORT ""
| /* end confdefs.h.  */
| #include <ac_nonexistent.h>
configure:3634: result: gcc -E
configure:3658: gcc -E  conftest.c
configure:3664: $? = 0
configure:3696: gcc -E  conftest.c
conftest.c:9:28: error: ac_nonexistent.h: No such file or directory
configure:3702: $? = 1
configure: failed program was:
| /* confdefs.h.  */
| 
| #define PACKAGE_NAME ""
| #define PACKAGE_TARNAME ""
| #define PACKAGE_VERSION ""
| #define PACKAGE_STRING ""
| #define PACKAGE_BUGREPORT ""
| /* end confdefs.h.  */
| #include <ac_nonexistent.h>
configure:3746: checking for ANSI C header files
configure:3771: gcc -c -g -O2  conftest.c >&5
configure:3777: $? = 0
configure:3781: test -z 
			 || test ! -s conftest.err
configure:3784: $? = 0
configure:3787: test -s conftest.o
configure:3790: $? = 0
configure:3879: gcc -o conftest -g -O2   conftest.c  >&5
conftest.c: In function 'main':
conftest.c:26: warning: incompatible implicit declaration of built-in function 'exit'
configure:3882: $? = 0
configure:3884: ./conftest
configure:3887: $? = 0
configure:3902: result: yes
configure:3926: checking for sys/types.h
configure:3942: gcc -c -g -O2  conftest.c >&5
configure:3948: $? = 0
configure:3952: test -z 
			 || test ! -s conftest.err
configure:3955: $? = 0
configure:3958: test -s conftest.o
configure:3961: $? = 0
configure:3972: result: yes
configure:3926: checking for sys/stat.h
configure:3942: gcc -c -g -O2  conftest.c >&5
configure:3948: $? = 0
configure:3952: test -z 
			 || test ! -s conftest.err
configure:3955: $? = 0
configure:3958: test -s conftest.o
configure:3961: $? = 0
configure:3972: result: yes
configure:3926: checking for stdlib.h
configure:3942: gcc -c -g -O2  conftest.c >&5
configure:3948: $? = 0
configure:3952: test -z 
			 || test ! -s conftest.err
configure:3955: $? = 0
configure:3958: test -s conftest.o
configure:3961: $? = 0
configure:3972: result: yes
configure:3926: checking for string.h
configure:3942: gcc -c -g -O2  conftest.c >&5
configure:3948: $? = 0
configure:3952: test -z 
			 || test ! -s conftest.err
configure:3955: $? = 0
configure:3958: test -s conftest.o
configure:3961: $? = 0
configure:3972: result: yes
configure:3926: checking for memory.h
configure:3942: gcc -c -g -O2  conftest.c >&5
configure:3948: $? = 0
configure:3952: test -z 
			 || test ! -s conftest.err
configure:3955: $? = 0
configure:3958: test -s conftest.o
configure:3961: $? = 0
configure:3972: result: yes
configure:3926: checking for strings.h
configure:3942: gcc -c -g -O2  conftest.c >&5
configure:3948: $? = 0
configure:3952: test -z 
			 || test ! -s conftest.err
configure:3955: $? = 0
configure:3958: test -s conftest.o
configure:3961: $? = 0
configure:3972: result: yes
configure:3926: checking for inttypes.h
configure:3942: gcc -c -g -O2  conftest.c >&5
configure:3948: $? = 0
configure:3952: test -z 
			 || test ! -s conftest.err
configure:3955: $? = 0
configure:3958: test -s conftest.o
configure:3961: $? = 0
configure:3972: result: yes
configure:3926: checking for stdint.h
configure:3942: gcc -c -g -O2  conftest.c >&5
configure:3948: $? = 0
configure:3952: test -z 
			 || test ! -s conftest.err
configure:3955: $? = 0
configure:3958: test -s conftest.o
configure:3961: $? = 0
configure:3972: result: yes
configure:3926: checking for unistd.h
configure:3942: gcc -c -g -O2  conftest.c >&5
configure:3948: $? = 0
configure:3952: test -z 
			 || test ! -s conftest.err
configure:3955: $? = 0
configure:3958: test -s conftest.o
configure:3961: $? = 0
configure:3972: result: yes
configure:3998: checking dlfcn.h usability
configure:4010: gcc -c -g -O2  conftest.c >&5
configure:4016: $? = 0
configure:4020: test -z 
			 || test ! -s conftest.err
configure:4023: $? = 0
configure:4026: test -s conftest.o
configure:4029: $? = 0
configure:4039: result: yes
configure:4043: checking dlfcn.h presence
configure:4053: gcc -E  conftest.c
configure:4059: $? = 0
configure:4079: result: yes
configure:4114: checking for dlfcn.h
configure:4121: result: yes
configure:4186: checking for g++
configure:4202: found /usr/bin/g++
configure:4212: result: g++
configure:4228: checking for C++ compiler version
configure:4231: g++ --version </dev/null >&5
g++ (Ubuntu 4.4.3-4ubuntu5) 4.4.3
Copyright (C) 2009 Free Software Foundation, Inc.
This is free software; see the source for copying conditions.  There is NO
warranty; not even for MERCHANTABILITY or FITNESS FOR A PARTICULAR PURPOSE.

configure:4234: $? = 0
configure:4236: g++ -v </dev/null >&5
Using built-in specs.
Target: i486-linux-gnu
Configured with: ../src/configure -v --with-pkgversion='Ubuntu 4.4.3-4ubuntu5' --with-bugurl=file:///usr/share/doc/gcc-4.4/README.Bugs --enable-languages=c,c++,fortran,objc,obj-c++ --prefix=/usr --enable-shared --enable-multiarch --enable-linker-build-id --with-system-zlib --libexecdir=/usr/lib --without-included-gettext --enable-threads=posix --with-gxx-include-dir=/usr/include/c++/4.4 --program-suffix=-4.4 --enable-nls --enable-clocale=gnu --enable-libstdcxx-debug --enable-plugin --enable-objc-gc --enable-targets=all --disable-werror --with-arch-32=i486 --with-tune=generic --enable-checking=release --build=i486-linux-gnu --host=i486-linux-gnu --target=i486-linux-gnu
Thread model: posix
gcc version 4.4.3 (Ubuntu 4.4.3-4ubuntu5) 
configure:4239: $? = 0
configure:4241: g++ -V </dev/null >&5
g++: '-V' option must have argument
configure:4244: $? = 1
configure:4247: checking whether we are using the GNU C++ compiler
configure:4271: g++ -c   conftest.cc >&5
configure:4277: $? = 0
configure:4281: test -z 
			 || test ! -s conftest.err
configure:4284: $? = 0
configure:4287: test -s conftest.o
configure:4290: $? = 0
configure:4303: result: yes
configure:4309: checking whether g++ accepts -g
configure:4330: g++ -c -g  conftest.cc >&5
configure:4336: $? = 0
configure:4340: test -z 
			 || test ! -s conftest.err
configure:4343: $? = 0
configure:4346: test -s conftest.o
configure:4349: $? = 0
configure:4360: result: yes
configure:4402: g++ -c -g -O2  conftest.cc >&5
configure:4408: $? = 0
configure:4412: test -z 
			 || test ! -s conftest.err
configure:4415: $? = 0
configure:4418: test -s conftest.o
configure:4421: $? = 0
configure:4447: g++ -c -g -O2  conftest.cc >&5
conftest.cc: In function 'int main()':
conftest.cc:24: error: 'exit' was not declared in this scope
configure:4453: $? = 1
configure: failed program was:
| /* confdefs.h.  */
| 
| #define PACKAGE_NAME ""
| #define PACKAGE_TARNAME ""
| #define PACKAGE_VERSION ""
| #define PACKAGE_STRING ""
| #define PACKAGE_BUGREPORT ""
| #define STDC_HEADERS 1
| #define HAVE_SYS_TYPES_H 1
| #define HAVE_SYS_STAT_H 1
| #define HAVE_STDLIB_H 1
| #define HAVE_STRING_H 1
| #define HAVE_MEMORY_H 1
| #define HAVE_STRINGS_H 1
| #define HAVE_INTTYPES_H 1
| #define HAVE_STDINT_H 1
| #define HAVE_UNISTD_H 1
| #define HAVE_DLFCN_H 1
| /* end confdefs.h.  */
| 
| int
| main ()
| {
| exit (42);
|   ;
|   return 0;
| }
configure:4402: g++ -c -g -O2  conftest.cc >&5
conftest.cc:20: error: 'void std::exit(int)' should have been declared inside 'std'
configure:4408: $? = 1
configure: failed program was:
| /* confdefs.h.  */
| 
| #define PACKAGE_NAME ""
| #define PACKAGE_TARNAME ""
| #define PACKAGE_VERSION ""
| #define PACKAGE_STRING ""
| #define PACKAGE_BUGREPORT ""
| #define STDC_HEADERS 1
| #define HAVE_SYS_TYPES_H 1
| #define HAVE_SYS_STAT_H 1
| #define HAVE_STDLIB_H 1
| #define HAVE_STRING_H 1
| #define HAVE_MEMORY_H 1
| #define HAVE_STRINGS_H 1
| #define HAVE_INTTYPES_H 1
| #define HAVE_STDINT_H 1
| #define HAVE_UNISTD_H 1
| #define HAVE_DLFCN_H 1
| /* end confdefs.h.  */
| extern "C" void std::exit (int) throw (); using std::exit;
| #include <stdlib.h>
| int
| main ()
| {
| exit (42);
|   ;
|   return 0;
| }
configure:4402: g++ -c -g -O2  conftest.cc >&5
conftest.cc:20: error: 'void std::exit(int)' should have been declared inside 'std'
In file included from conftest.cc:21:
/usr/include/stdlib.h:543: error: declaration of 'void std::exit(int) throw ()' throws different exceptions
conftest.cc:20: error: from previous declaration 'void std::exit(int)'
configure:4408: $? = 1
configure: failed program was:
| /* confdefs.h.  */
| 
| #define PACKAGE_NAME ""
| #define PACKAGE_TARNAME ""
| #define PACKAGE_VERSION ""
| #define PACKAGE_STRING ""
| #define PACKAGE_BUGREPORT ""
| #define STDC_HEADERS 1
| #define HAVE_SYS_TYPES_H 1
| #define HAVE_SYS_STAT_H 1
| #define HAVE_STDLIB_H 1
| #define HAVE_STRING_H 1
| #define HAVE_MEMORY_H 1
| #define HAVE_STRINGS_H 1
| #define HAVE_INTTYPES_H 1
| #define HAVE_STDINT_H 1
| #define HAVE_UNISTD_H 1
| #define HAVE_DLFCN_H 1
| /* end confdefs.h.  */
| extern "C" void std::exit (int); using std::exit;
| #include <stdlib.h>
| int
| main ()
| {
| exit (42);
|   ;
|   return 0;
| }
configure:4402: g++ -c -g -O2  conftest.cc >&5
configure:4408: $? = 0
configure:4412: test -z 
			 || test ! -s conftest.err
configure:4415: $? = 0
configure:4418: test -s conftest.o
configure:4421: $? = 0
configure:4447: g++ -c -g -O2  conftest.cc >&5
configure:4453: $? = 0
configure:4457: test -z 
			 || test ! -s conftest.err
configure:4460: $? = 0
configure:4463: test -s conftest.o
configure:4466: $? = 0
configure:4499: checking how to run the C++ preprocessor
configure:4530: g++ -E  conftest.cc
configure:4536: $? = 0
configure:4568: g++ -E  conftest.cc
conftest.cc:23:28: error: ac_nonexistent.h: No such file or directory
configure:4574: $? = 1
configure: failed program was:
| /* confdefs.h.  */
| 
| #define PACKAGE_NAME ""
| #define PACKAGE_TARNAME ""
| #define PACKAGE_VERSION ""
| #define PACKAGE_STRING ""
| #define PACKAGE_BUGREPORT ""
| #define STDC_HEADERS 1
| #define HAVE_SYS_TYPES_H 1
| #define HAVE_SYS_STAT_H 1
| #define HAVE_STDLIB_H 1
| #define HAVE_STRING_H 1
| #define HAVE_MEMORY_H 1
| #define HAVE_STRINGS_H 1
| #define HAVE_INTTYPES_H 1
| #define HAVE_STDINT_H 1
| #define HAVE_UNISTD_H 1
| #define HAVE_DLFCN_H 1
| #ifdef __cplusplus
| extern "C" void exit (int) throw ();
| #endif
| /* end confdefs.h.  */
| #include <ac_nonexistent.h>
configure:4613: result: g++ -E
configure:4637: g++ -E  conftest.cc
configure:4643: $? = 0
configure:4675: g++ -E  conftest.cc
conftest.cc:23:28: error: ac_nonexistent.h: No such file or directory
configure:4681: $? = 1
configure: failed program was:
| /* confdefs.h.  */
| 
| #define PACKAGE_NAME ""
| #define PACKAGE_TARNAME ""
| #define PACKAGE_VERSION ""
| #define PACKAGE_STRING ""
| #define PACKAGE_BUGREPORT ""
| #define STDC_HEADERS 1
| #define HAVE_SYS_TYPES_H 1
| #define HAVE_SYS_STAT_H 1
| #define HAVE_STDLIB_H 1
| #define HAVE_STRING_H 1
| #define HAVE_MEMORY_H 1
| #define HAVE_STRINGS_H 1
| #define HAVE_INTTYPES_H 1
| #define HAVE_STDINT_H 1
| #define HAVE_UNISTD_H 1
| #define HAVE_DLFCN_H 1
| #ifdef __cplusplus
| extern "C" void exit (int) throw ();
| #endif
| /* end confdefs.h.  */
| #include <ac_nonexistent.h>
configure:4778: checking for g77
configure:4807: result: no
configure:4778: checking for f77
configure:4807: result: no
configure:4778: checking for xlf
configure:4807: result: no
configure:4778: checking for frt
configure:4807: result: no
configure:4778: checking for pgf77
configure:4807: result: no
configure:4778: checking for fort77
configure:4807: result: no
configure:4778: checking for fl32
configure:4807: result: no
configure:4778: checking for af77
configure:4807: result: no
configure:4778: checking for f90
configure:4807: result: no
configure:4778: checking for xlf90
configure:4807: result: no
configure:4778: checking for pgf90
configure:4807: result: no
configure:4778: checking for epcf90
configure:4807: result: no
configure:4778: checking for f95
configure:4807: result: no
configure:4778: checking for fort
configure:4807: result: no
configure:4778: checking for xlf95
configure:4807: result: no
configure:4778: checking for ifc
configure:4807: result: no
configure:4778: checking for efc
configure:4807: result: no
configure:4778: checking for pgf95
configure:4807: result: no
configure:4778: checking for lf95
configure:4807: result: no
configure:4778: checking for gfortran
configure:4807: result: no
configure:4819: checking for Fortran 77 compiler version
configure:4822:  --version </dev/null >&5
/home/akaedu/project/xinge-project/httpd/httpd-2.2.4/srclib/apr-util/xml/expat/configure: line 4823: --version: command not found
configure:4825: $? = 127
configure:4827:  -v </dev/null >&5
/home/akaedu/project/xinge-project/httpd/httpd-2.2.4/srclib/apr-util/xml/expat/configure: line 4828: -v: command not found
configure:4830: $? = 127
configure:4832:  -V </dev/null >&5
/home/akaedu/project/xinge-project/httpd/httpd-2.2.4/srclib/apr-util/xml/expat/configure: line 4833: -V: command not found
configure:4835: $? = 127
configure:4843: checking whether we are using the GNU Fortran 77 compiler
configure:4857:  -c  conftest.F >&5
/home/akaedu/project/xinge-project/httpd/httpd-2.2.4/srclib/apr-util/xml/expat/configure: line 4858: -c: command not found
configure:4863: $? = 127
configure: failed program was:
|       program main
| #ifndef __GNUC__
|        choke me
| #endif
| 
|       end
configure:4889: result: no
configure:4895: checking whether  accepts -g
configure:4907:  -c -g conftest.f >&5
/home/akaedu/project/xinge-project/httpd/httpd-2.2.4/srclib/apr-util/xml/expat/configure: line 4908: -c: command not found
configure:4913: $? = 127
configure: failed program was:
|       program main
| 
|       end
configure:4938: result: no
configure:4968: checking the maximum length of command line arguments
configure:5060: result: 32768
configure:5071: checking command to parse /usr/bin/nm -B output from gcc object
configure:5167: gcc -c -g -O2  conftest.c >&5
configure:5170: $? = 0
configure:5174: /usr/bin/nm -B conftest.o \| sed -n -e 's/^.*[ 	]\([ABCDGIRSTW][ABCDGIRSTW]*\)[ 	][ 	]*\([_A-Za-z][_A-Za-z0-9]*\)$/\1 \2 \2/p' \> conftest.nm
configure:5177: $? = 0
configure:5229: gcc -o conftest -g -O2   conftest.c conftstm.o >&5
configure:5232: $? = 0
configure:5270: result: ok
configure:5274: checking for objdir
configure:5289: result: .libs
configure:5379: checking for ar
configure:5395: found /usr/bin/ar
configure:5406: result: ar
configure:5459: checking for ranlib
configure:5475: found /usr/bin/ranlib
configure:5486: result: ranlib
configure:5539: checking for strip
configure:5555: found /usr/bin/strip
configure:5566: result: strip
configure:5853: checking if gcc static flag  works
configure:5881: result: yes
configure:5903: checking if gcc supports -fno-rtti -fno-exceptions
configure:5921: gcc -c -g -O2  -fno-rtti -fno-exceptions conftest.c >&5
cc1: warning: command line option "-fno-rtti" is valid for C++/ObjC++ but not for C
configure:5925: $? = 0
configure:5938: result: no
configure:5953: checking for gcc option to produce PIC
configure:6157: result: -fPIC
configure:6165: checking if gcc PIC flag -fPIC works
configure:6183: gcc -c -g -O2  -fPIC -DPIC conftest.c >&5
configure:6187: $? = 0
configure:6200: result: yes
configure:6224: checking if gcc supports -c -o file.o
configure:6245: gcc -c -g -O2  -o out/conftest2.o conftest.c >&5
configure:6249: $? = 0
configure:6271: result: yes
configure:6297: checking whether the gcc linker (/usr/bin/ld) supports shared libraries
configure:7193: result: yes
configure:7219: checking whether -lc should be explicitly linked in
configure:7224: gcc -c -g -O2  conftest.c >&5
configure:7227: $? = 0
configure:7241: gcc -shared conftest.o  -v -Wl,-soname -Wl,conftest -o conftest 2\>\&1 \| grep  -lc  \>/dev/null 2\>\&1
configure:7244: $? = 0
configure:7256: result: no
configure:7264: checking dynamic linker characteristics
configure:7818: result: GNU/Linux ld.so
configure:7822: checking how to hardcode library paths into programs
configure:7847: result: immediate
configure:7861: checking whether stripping libraries is possible
configure:7866: result: yes
configure:8696: checking if libtool supports shared libraries
configure:8698: result: yes
configure:8701: checking whether to build shared libraries
configure:8722: result: yes
configure:8725: checking whether to build static libraries
configure:8729: result: yes
configure:8821: creating libtool
configure:9399: checking for ld used by g++
configure:9466: result: /usr/bin/ld
configure:9475: checking if the linker (/usr/bin/ld) is GNU ld
configure:9490: result: yes
configure:9541: checking whether the g++ linker (/usr/bin/ld) supports shared libraries
configure:10421: result: yes
configure:10443: g++ -c -g -O2  conftest.cpp >&5
configure:10446: $? = 0
configure:10556: checking for g++ option to produce PIC
configure:10824: result: -fPIC
configure:10832: checking if g++ PIC flag -fPIC works
configure:10850: g++ -c -g -O2  -fPIC -DPIC conftest.cpp >&5
configure:10854: $? = 0
configure:10867: result: yes
configure:10891: checking if g++ supports -c -o file.o
configure:10912: g++ -c -g -O2  -o out/conftest2.o conftest.cpp >&5
configure:10916: $? = 0
configure:10938: result: yes
configure:10964: checking whether the g++ linker (/usr/bin/ld) supports shared libraries
configure:10989: result: yes
configure:11060: checking dynamic linker characteristics
configure:11614: result: GNU/Linux ld.so
configure:11618: checking how to hardcode library paths into programs
configure:11643: result: immediate
configure:11657: checking whether stripping libraries is possible
configure:11662: result: yes
configure:19250: checking for gcc
configure:19276: result: gcc
configure:19520: checking for C compiler version
configure:19523: gcc --version </dev/null >&5
gcc (Ubuntu 4.4.3-4ubuntu5) 4.4.3
Copyright (C) 2009 Free Software Foundation, Inc.
This is free software; see the source for copying conditions.  There is NO
warranty; not even for MERCHANTABILITY or FITNESS FOR A PARTICULAR PURPOSE.

configure:19526: $? = 0
configure:19528: gcc -v </dev/null >&5
Using built-in specs.
Target: i486-linux-gnu
Configured with: ../src/configure -v --with-pkgversion='Ubuntu 4.4.3-4ubuntu5' --with-bugurl=file:///usr/share/doc/gcc-4.4/README.Bugs --enable-languages=c,c++,fortran,objc,obj-c++ --prefix=/usr --enable-shared --enable-multiarch --enable-linker-build-id --with-system-zlib --libexecdir=/usr/lib --without-included-gettext --enable-threads=posix --with-gxx-include-dir=/usr/include/c++/4.4 --program-suffix=-4.4 --enable-nls --enable-clocale=gnu --enable-libstdcxx-debug --enable-plugin --enable-objc-gc --enable-targets=all --disable-werror --with-arch-32=i486 --with-tune=generic --enable-checking=release --build=i486-linux-gnu --host=i486-linux-gnu --target=i486-linux-gnu
Thread model: posix
gcc version 4.4.3 (Ubuntu 4.4.3-4ubuntu5) 
configure:19531: $? = 0
configure:19533: gcc -V </dev/null >&5
gcc: '-V' option must have argument
configure:19536: $? = 1
configure:19539: checking whether we are using the GNU C compiler
configure:19595: result: yes
configure:19601: checking whether gcc accepts -g
configure:19652: result: yes
configure:19669: checking for gcc option to accept ANSI C
configure:19776: result: none needed
configure:19794: gcc -c -g -O2  conftest.c >&5
conftest.c:2: error: expected '=', ',', ';', 'asm' or '__attribute__' before 'me'
configure:19800: $? = 1
configure: failed program was:
| #ifndef __cplusplus
|   choke me
| #endif
configure:19946: checking for a BSD-compatible install
configure:20001: result: /usr/bin/install -c
configure:20014: checking for ANSI C header files
configure:20170: result: yes
configure:20196: checking fcntl.h usability
configure:20208: gcc -c -g -O2  conftest.c >&5
configure:20214: $? = 0
configure:20218: test -z 
			 || test ! -s conftest.err
configure:20221: $? = 0
configure:20224: test -s conftest.o
configure:20227: $? = 0
configure:20237: result: yes
configure:20241: checking fcntl.h presence
configure:20251: gcc -E  conftest.c
configure:20257: $? = 0
configure:20277: result: yes
configure:20312: checking for fcntl.h
configure:20319: result: yes
configure:20187: checking for unistd.h
configure:20192: result: yes
configure:20187: checking for string.h
configure:20192: result: yes
configure:20334: checking whether byte ordering is bigendian
configure:20361: gcc -c -g -O2  conftest.c >&5
configure:20367: $? = 0
configure:20371: test -z 
			 || test ! -s conftest.err
configure:20374: $? = 0
configure:20377: test -s conftest.o
configure:20380: $? = 0
configure:20404: gcc -c -g -O2  conftest.c >&5
conftest.c: In function 'main':
conftest.c:34: error: 'not' undeclared (first use in this function)
conftest.c:34: error: (Each undeclared identifier is reported only once
conftest.c:34: error: for each function it appears in.)
conftest.c:34: error: expected ';' before 'big'
configure:20410: $? = 1
configure: failed program was:
| /* confdefs.h.  */
| 
| #define PACKAGE_NAME ""
| #define PACKAGE_TARNAME ""
| #define PACKAGE_VERSION ""
| #define PACKAGE_STRING ""
| #define PACKAGE_BUGREPORT ""
| #define STDC_HEADERS 1
| #define HAVE_SYS_TYPES_H 1
| #define HAVE_SYS_STAT_H 1
| #define HAVE_STDLIB_H 1
| #define HAVE_STRING_H 1
| #define HAVE_MEMORY_H 1
| #define HAVE_STRINGS_H 1
| #define HAVE_INTTYPES_H 1
| #define HAVE_STDINT_H 1
| #define HAVE_UNISTD_H 1
| #define HAVE_DLFCN_H 1
| #ifdef __cplusplus
| extern "C" void exit (int) throw ();
| #endif
| #define STDC_HEADERS 1
| #define HAVE_FCNTL_H 1
| #define HAVE_UNISTD_H 1
| #define HAVE_STRING_H 1
| /* end confdefs.h.  */
| #include <sys/types.h>
| #include <sys/param.h>
| 
| int
| main ()
| {
| #if BYTE_ORDER != BIG_ENDIAN
|  not big endian
| #endif
| 
|   ;
|   return 0;
| }
configure:20545: result: no
configure:20571: checking for an ANSI C-conforming const
configure:20638: gcc -c -g -O2  conftest.c >&5
configure:20644: $? = 0
configure:20648: test -z 
			 || test ! -s conftest.err
configure:20651: $? = 0
configure:20654: test -s conftest.o
configure:20657: $? = 0
configure:20668: result: yes
configure:20678: checking for off_t
configure:20702: gcc -c -g -O2  conftest.c >&5
configure:20708: $? = 0
configure:20712: test -z 
			 || test ! -s conftest.err
configure:20715: $? = 0
configure:20718: test -s conftest.o
configure:20721: $? = 0
configure:20732: result: yes
configure:20744: checking for size_t
configure:20768: gcc -c -g -O2  conftest.c >&5
configure:20774: $? = 0
configure:20778: test -z 
			 || test ! -s conftest.err
configure:20781: $? = 0
configure:20784: test -s conftest.o
configure:20787: $? = 0
configure:20798: result: yes
configure:20812: checking for working memcmp
configure:20860: gcc -o conftest -g -O2   conftest.c  >&5
configure:20863: $? = 0
configure:20865: ./conftest
configure:20868: $? = 0
configure:20882: result: yes
configure:20899: checking for stdlib.h
configure:20904: result: yes
configure:20899: checking for unistd.h
configure:20904: result: yes
configure:21048: checking for getpagesize
configure:21105: gcc -o conftest -g -O2   conftest.c  >&5
configure:21111: $? = 0
configure:21115: test -z 
			 || test ! -s conftest.err
configure:21118: $? = 0
configure:21121: test -s conftest
configure:21124: $? = 0
configure:21136: result: yes
configure:21146: checking for working mmap
configure:21288: gcc -o conftest -g -O2   conftest.c  >&5
configure:21291: $? = 0
configure:21293: ./conftest
configure:21296: $? = 0
configure:21310: result: yes
configure:21333: checking for memmove
configure:21390: gcc -o conftest -g -O2   conftest.c  >&5
conftest.c:55: warning: conflicting types for built-in function 'memmove'
configure:21396: $? = 0
configure:21400: test -z 
			 || test ! -s conftest.err
configure:21403: $? = 0
configure:21406: test -s conftest
configure:21409: $? = 0
configure:21421: result: yes
configure:21333: checking for bcopy
configure:21390: gcc -o conftest -g -O2   conftest.c  >&5
conftest.c:56: warning: conflicting types for built-in function 'bcopy'
configure:21396: $? = 0
configure:21400: test -z 
			 || test ! -s conftest.err
configure:21403: $? = 0
configure:21406: test -s conftest
configure:21409: $? = 0
configure:21421: result: yes
configure:21528: creating ./config.status

## ---------------------- ##
## Running config.status. ##
## ---------------------- ##

This file was extended by config.status, which was
generated by GNU Autoconf 2.59.  Invocation command line was

  CONFIG_FILES    = 
  CONFIG_HEADERS  = 
  CONFIG_LINKS    = 
  CONFIG_COMMANDS = 
  $ ./config.status 

on akaedu-desktop

config.status:695: creating Makefile
config.status:695: creating lib/Makefile
config.status:695: creating lib/expat.h
config.status:792: creating config.h

## ---------------- ##
## Cache variables. ##
## ---------------- ##

ac_cv_build=i686-pc-linux-gnu
ac_cv_build_alias=i686-pc-linux-gnu
ac_cv_c_bigendian=no
ac_cv_c_compiler_gnu=yes
ac_cv_c_const=yes
ac_cv_cxx_compiler_gnu=yes
ac_cv_env_CC_set=
ac_cv_env_CC_value=
ac_cv_env_CFLAGS_set=
ac_cv_env_CFLAGS_value=
ac_cv_env_CPPFLAGS_set=
ac_cv_env_CPPFLAGS_value=
ac_cv_env_CPP_set=
ac_cv_env_CPP_value=
ac_cv_env_CXXCPP_set=
ac_cv_env_CXXCPP_value=
ac_cv_env_CXXFLAGS_set=
ac_cv_env_CXXFLAGS_value=
ac_cv_env_CXX_set=
ac_cv_env_CXX_value=
ac_cv_env_F77_set=
ac_cv_env_F77_value=
ac_cv_env_FFLAGS_set=
ac_cv_env_FFLAGS_value=
ac_cv_env_LDFLAGS_set=
ac_cv_env_LDFLAGS_value=
ac_cv_env_build_alias_set=
ac_cv_env_build_alias_value=
ac_cv_env_host_alias_set=
ac_cv_env_host_alias_value=
ac_cv_env_target_alias_set=
ac_cv_env_target_alias_value=
ac_cv_exeext=
ac_cv_f77_compiler_gnu=no
ac_cv_func_bcopy=yes
ac_cv_func_getpagesize=yes
ac_cv_func_memcmp_working=yes
ac_cv_func_memmove=yes
ac_cv_func_mmap_fixed_mapped=yes
ac_cv_header_dlfcn_h=yes
ac_cv_header_fcntl_h=yes
ac_cv_header_inttypes_h=yes
ac_cv_header_memory_h=yes
ac_cv_header_stdc=yes
ac_cv_header_stdint_h=yes
ac_cv_header_stdlib_h=yes
ac_cv_header_string_h=yes
ac_cv_header_strings_h=yes
ac_cv_header_sys_stat_h=yes
ac_cv_header_sys_types_h=yes
ac_cv_header_unistd_h=yes
ac_cv_host=i686-pc-linux-gnu
ac_cv_host_alias=i686-pc-linux-gnu
ac_cv_objext=o
ac_cv_path_install='/usr/bin/install -c'
ac_cv_prog_CPP='gcc -E'
ac_cv_prog_CXXCPP='g++ -E'
ac_cv_prog_ac_ct_AR=ar
ac_cv_prog_ac_ct_CC=gcc
ac_cv_prog_ac_ct_CXX=g++
ac_cv_prog_ac_ct_RANLIB=ranlib
ac_cv_prog_ac_ct_STRIP=strip
ac_cv_prog_cc_g=yes
ac_cv_prog_cc_stdc=
ac_cv_prog_cxx_g=yes
ac_cv_prog_egrep='grep -E'
ac_cv_prog_f77_g=no
ac_cv_target=i686-pc-linux-gnu
ac_cv_target_alias=i686-pc-linux-gnu
ac_cv_type_off_t=yes
ac_cv_type_size_t=yes
lt_cv_deplibs_check_method=pass_all
lt_cv_file_magic_cmd='$MAGIC_CMD'
lt_cv_file_magic_test_file=
lt_cv_ld_reload_flag=-r
lt_cv_objdir=.libs
lt_cv_path_LD=/usr/bin/ld
lt_cv_path_LDCXX=/usr/bin/ld
lt_cv_path_NM='/usr/bin/nm -B'
lt_cv_path_SED=/bin/sed
lt_cv_prog_compiler_c_o=yes
lt_cv_prog_compiler_c_o_CXX=yes
lt_cv_prog_compiler_rtti_exceptions=no
lt_cv_prog_gnu_ld=yes
lt_cv_prog_gnu_ldcxx=yes
lt_cv_sys_global_symbol_pipe='sed -n -e '\''s/^.*[ 	]\([ABCDGIRSTW][ABCDGIRSTW]*\)[ 	][ 	]*\([_A-Za-z][_A-Za-z0-9]*\)$/\1 \2 \2/p'\'''
lt_cv_sys_global_symbol_to_c_name_address='sed -n -e '\''s/^: \([^ ]*\) $/  {\"\1\", (lt_ptr) 0},/p'\'' -e '\''s/^[BCDEGRST] \([^ ]*\) \([^ ]*\)$/  {"\2", (lt_ptr) \&\2},/p'\'''
lt_cv_sys_global_symbol_to_cdecl='sed -n -e '\''s/^. .* \(.*\)$/extern int \1;/p'\'''
lt_cv_sys_max_cmd_len=32768
lt_lt_cv_prog_compiler_c_o='"yes"'
lt_lt_cv_prog_compiler_c_o_CXX='"yes"'
lt_lt_cv_sys_global_symbol_pipe='"sed -n -e '\''s/^.*[ 	]\\([ABCDGIRSTW][ABCDGIRSTW]*\\)[ 	][ 	]*\\([_A-Za-z][_A-Za-z0-9]*\\)\$/\\1 \\2 \\2/p'\''"'
lt_lt_cv_sys_global_symbol_to_c_name_address='"sed -n -e '\''s/^: \\([^ ]*\\) \$/  {\\\"\\1\\\", (lt_ptr) 0},/p'\'' -e '\''s/^[BCDEGRST] \\([^ ]*\\) \\([^ ]*\\)\$/  {\"\\2\", (lt_ptr) \\&\\2},/p'\''"'
lt_lt_cv_sys_global_symbol_to_cdecl='"sed -n -e '\''s/^. .* \\(.*\\)\$/extern int \\1;/p'\''"'

## ----------------- ##
## Output variables. ##
## ----------------- ##

AR='ar'
AS='as'
CC='gcc'
CFLAGS='-g -O2'
CPP='gcc -E'
CPPFLAGS=''
CXX='g++'
CXXCPP='g++ -E'
CXXFLAGS='-g -O2'
DEFS='-DHAVE_CONFIG_H'
DLLTOOL='dlltool'
ECHO='echo'
ECHO_C=''
ECHO_N='-n'
ECHO_T=''
EGREP='grep -E'
EXEEXT=''
EXPAT_EDIT='2'
EXPAT_MAJOR_VERSION='1'
EXPAT_MINOR_VERSION='95'
F77=''
FFLAGS=''
FILEMAP_OBJ='unixfilemap.o'
INSTALL_DATA='${INSTALL} -m 644'
INSTALL_PROGRAM='${INSTALL}'
INSTALL_SCRIPT='${INSTALL}'
LDFLAGS=''
LIBAGE='1'
LIBCURRENT='1'
LIBOBJS=''
LIBREVISION='0'
LIBS=''
LIBTOOL='$(SHELL) $(top_builddir)/libtool'
LN_S='ln -s'
LTLIBOBJS=''
OBJDUMP='objdump'
OBJEXT='o'
PACKAGE='expat'
PACKAGE_BUGREPORT=''
PACKAGE_NAME=''
PACKAGE_STRING=''
PACKAGE_TARNAME=''
PACKAGE_VERSION=''
PATH_SEPARATOR=':'
RANLIB='ranlib'
SHELL='/bin/bash'
STRIP='strip'
VERSION='1.95.2'
ac_ct_AR='ar'
ac_ct_AS=''
ac_ct_CC='gcc'
ac_ct_CXX='g++'
ac_ct_DLLTOOL=''
ac_ct_F77=''
ac_ct_OBJDUMP=''
ac_ct_RANLIB='ranlib'
ac_ct_STRIP='strip'
bindir='/var/httpd/bin'
blddir='/home/akaedu/project/xinge-project/httpd/httpd-2.2.4/srclib/apr-util/xml/expat'
build='i686-pc-linux-gnu'
build_alias=''
build_cpu='i686'
build_os='linux-gnu'
build_vendor='pc'
datadir='${prefix}/share'
exec_prefix='/var/httpd'
host='i686-pc-linux-gnu'
host_alias=''
host_cpu='i686'
host_os='linux-gnu'
host_vendor='pc'
includedir='/var/httpd/include'
infodir='${prefix}/info'
libdir='/var/httpd/lib'
libexecdir='${exec_prefix}/libexec'
localstatedir='${prefix}/var'
mandir='${prefix}/man'
oldincludedir='/usr/include'
prefix='/var/httpd'
program_transform_name='s,x,x,'
sbindir='${exec_prefix}/sbin'
sharedstatedir='${prefix}/com'
sysconfdir='${prefix}/etc'
target='i686-pc-linux-gnu'
target_alias=''
target_cpu='i686'
target_os='linux-gnu'
target_vendor='pc'

## ----------- ##
## confdefs.h. ##
## ----------- ##

#define HAVE_BCOPY 1
#define HAVE_DLFCN_H 1
#define HAVE_FCNTL_H 1
#define HAVE_GETPAGESIZE 1
#define HAVE_INTTYPES_H 1
#define HAVE_MEMMOVE 1
#define HAVE_MEMORY_H 1
#define HAVE_MMAP 1
#define HAVE_STDINT_H 1
#define HAVE_STDLIB_H 1
#define HAVE_STDLIB_H 1
#define HAVE_STRINGS_H 1
#define HAVE_STRING_H 1
#define HAVE_STRING_H 1
#define HAVE_SYS_STAT_H 1
#define HAVE_SYS_TYPES_H 1
#define HAVE_UNISTD_H 1
#define HAVE_UNISTD_H 1
#define HAVE_UNISTD_H 1
#define PACKAGE_BUGREPORT ""
#define PACKAGE_NAME ""
#define PACKAGE_STRING ""
#define PACKAGE_TARNAME ""
#define PACKAGE_VERSION ""
#define STDC_HEADERS 1
#define STDC_HEADERS 1
#endif
#ifdef __cplusplus
extern "C" void exit (int) throw ();

configure: exit 0
